<?xml version="1.0" encoding="UTF-8"?>
<!-- Generated by org.testng.reporters.JUnitXMLReporter -->
<testsuite ignored="0" hostname="LTIN675351" failures="26" tests="26" name="All Cucumber Runners" time="2.335" errors="0" timestamp="2026-01-29T17:29:25 IST">
  <testcase classname="io.cucumber.testng.AbstractTestNGCucumberTests" name="runScenario" time="0.515">
    <failure type="java.lang.IllegalStateException" message="WebDriver is not initialized. Call DriverFactory.initDriver() before getDriver().">
      <![CDATA[java.lang.IllegalStateException: WebDriver is not initialized. Call DriverFactory.initDriver() before getDriver().
at core.DriverFactory.getDriver(DriverFactory.java:54)
at core.BasePage.<init>(BasePage.java:14)
at pages.LoginPage.<init>(LoginPage.java:6)
at steps.AuthenticationSteps.<init>(AuthenticationSteps.java:16)
at org.picocontainer.injectors.AbstractInjector.newInstance(AbstractInjector.java:145)
at org.picocontainer.injectors.ConstructorInjector$1.run(ConstructorInjector.java:342)
at org.picocontainer.injectors.AbstractInjector$ThreadLocalCyclicDependencyGuard.observe(AbstractInjector.java:270)
at org.picocontainer.injectors.ConstructorInjector.getComponentInstance(ConstructorInjector.java:364)
at org.picocontainer.injectors.AbstractInjectionFactory$LifecycleAdapter.getComponentInstance(AbstractInjectionFactory.java:56)
at org.picocontainer.behaviors.AbstractBehavior.getComponentInstance(AbstractBehavior.java:64)
at org.picocontainer.behaviors.Stored.getComponentInstance(Stored.java:91)
at org.picocontainer.DefaultPicoContainer.getInstance(DefaultPicoContainer.java:699)
at org.picocontainer.DefaultPicoContainer.getComponent(DefaultPicoContainer.java:647)
at org.picocontainer.DefaultPicoContainer.getComponent(DefaultPicoContainer.java:678)
at io.cucumber.picocontainer.PicoFactory.getInstance(PicoFactory.java:64)
at io.cucumber.java.AbstractGlueDefinition.invokeMethod(AbstractGlueDefinition.java:47)
at io.cucumber.java.JavaStepDefinition.execute(JavaStepDefinition.java:29)
at io.cucumber.core.runner.CoreStepDefinition.execute(CoreStepDefinition.java:66)
at io.cucumber.core.runner.PickleStepDefinitionMatch.runStep(PickleStepDefinitionMatch.java:63)
at io.cucumber.core.runner.ExecutionMode$1.execute(ExecutionMode.java:10)
at io.cucumber.core.runner.TestStep.executeStep(TestStep.java:84)
at io.cucumber.core.runner.TestStep.run(TestStep.java:56)
at io.cucumber.core.runner.PickleStepTestStep.run(PickleStepTestStep.java:51)
at io.cucumber.core.runner.TestCase.run(TestCase.java:84)
at io.cucumber.core.runner.Runner.runPickle(Runner.java:75)
at io.cucumber.testng.TestNGCucumberRunner.lambda$runScenario$1(TestNGCucumberRunner.java:132)
at io.cucumber.core.runtime.CucumberExecutionContext.lambda$runTestCase$5(CucumberExecutionContext.java:137)
at io.cucumber.core.runtime.RethrowingThrowableCollector.executeAndThrow(RethrowingThrowableCollector.java:23)
at io.cucumber.core.runtime.CucumberExecutionContext.runTestCase(CucumberExecutionContext.java:137)
at io.cucumber.testng.TestNGCucumberRunner.runScenario(TestNGCucumberRunner.java:129)
at io.cucumber.testng.AbstractTestNGCucumberTests.runScenario(AbstractTestNGCucumberTests.java:35)
at java.base/java.util.ArrayList.forEach(ArrayList.java:1596)
... Removed 28 stack frames]]>
    </failure>
  </testcase> <!-- runScenario -->
  <testcase classname="io.cucumber.testng.AbstractTestNGCucumberTests" name="runScenario" time="0.01">
    <failure type="java.lang.IllegalStateException" message="WebDriver is not initialized. Call DriverFactory.initDriver() before getDriver().">
      <![CDATA[java.lang.IllegalStateException: WebDriver is not initialized. Call DriverFactory.initDriver() before getDriver().
at core.DriverFactory.getDriver(DriverFactory.java:54)
at core.BasePage.<init>(BasePage.java:14)
at pages.LoginPage.<init>(LoginPage.java:6)
at steps.AuthenticationSteps.<init>(AuthenticationSteps.java:16)
at org.picocontainer.injectors.AbstractInjector.newInstance(AbstractInjector.java:145)
at org.picocontainer.injectors.ConstructorInjector$1.run(ConstructorInjector.java:342)
at org.picocontainer.injectors.AbstractInjector$ThreadLocalCyclicDependencyGuard.observe(AbstractInjector.java:270)
at org.picocontainer.injectors.ConstructorInjector.getComponentInstance(ConstructorInjector.java:364)
at org.picocontainer.injectors.AbstractInjectionFactory$LifecycleAdapter.getComponentInstance(AbstractInjectionFactory.java:56)
at org.picocontainer.behaviors.AbstractBehavior.getComponentInstance(AbstractBehavior.java:64)
at org.picocontainer.behaviors.Stored.getComponentInstance(Stored.java:91)
at org.picocontainer.DefaultPicoContainer.getInstance(DefaultPicoContainer.java:699)
at org.picocontainer.DefaultPicoContainer.getComponent(DefaultPicoContainer.java:647)
at org.picocontainer.DefaultPicoContainer.getComponent(DefaultPicoContainer.java:678)
at io.cucumber.picocontainer.PicoFactory.getInstance(PicoFactory.java:64)
at io.cucumber.java.AbstractGlueDefinition.invokeMethod(AbstractGlueDefinition.java:47)
at io.cucumber.java.JavaStepDefinition.execute(JavaStepDefinition.java:29)
at io.cucumber.core.runner.CoreStepDefinition.execute(CoreStepDefinition.java:66)
at io.cucumber.core.runner.PickleStepDefinitionMatch.runStep(PickleStepDefinitionMatch.java:63)
at io.cucumber.core.runner.ExecutionMode$1.execute(ExecutionMode.java:10)
at io.cucumber.core.runner.TestStep.executeStep(TestStep.java:84)
at io.cucumber.core.runner.TestStep.run(TestStep.java:56)
at io.cucumber.core.runner.PickleStepTestStep.run(PickleStepTestStep.java:51)
at io.cucumber.core.runner.TestCase.run(TestCase.java:84)
at io.cucumber.core.runner.Runner.runPickle(Runner.java:75)
at io.cucumber.testng.TestNGCucumberRunner.lambda$runScenario$1(TestNGCucumberRunner.java:132)
at io.cucumber.core.runtime.CucumberExecutionContext.lambda$runTestCase$5(CucumberExecutionContext.java:137)
at io.cucumber.core.runtime.RethrowingThrowableCollector.executeAndThrow(RethrowingThrowableCollector.java:23)
at io.cucumber.core.runtime.CucumberExecutionContext.runTestCase(CucumberExecutionContext.java:137)
at io.cucumber.testng.TestNGCucumberRunner.runScenario(TestNGCucumberRunner.java:129)
at io.cucumber.testng.AbstractTestNGCucumberTests.runScenario(AbstractTestNGCucumberTests.java:35)
at java.base/java.util.ArrayList.forEach(ArrayList.java:1596)
... Removed 28 stack frames]]>
    </failure>
  </testcase> <!-- runScenario -->
  <testcase classname="io.cucumber.testng.AbstractTestNGCucumberTests" name="runScenario" time="0.009">
    <failure type="java.lang.IllegalStateException" message="WebDriver is not initialized. Call DriverFactory.initDriver() before getDriver().">
      <![CDATA[java.lang.IllegalStateException: WebDriver is not initialized. Call DriverFactory.initDriver() before getDriver().
at core.DriverFactory.getDriver(DriverFactory.java:54)
at core.BasePage.<init>(BasePage.java:14)
at pages.LoginPage.<init>(LoginPage.java:6)
at steps.AuthenticationSteps.<init>(AuthenticationSteps.java:16)
at org.picocontainer.injectors.AbstractInjector.newInstance(AbstractInjector.java:145)
at org.picocontainer.injectors.ConstructorInjector$1.run(ConstructorInjector.java:342)
at org.picocontainer.injectors.AbstractInjector$ThreadLocalCyclicDependencyGuard.observe(AbstractInjector.java:270)
at org.picocontainer.injectors.ConstructorInjector.getComponentInstance(ConstructorInjector.java:364)
at org.picocontainer.injectors.AbstractInjectionFactory$LifecycleAdapter.getComponentInstance(AbstractInjectionFactory.java:56)
at org.picocontainer.behaviors.AbstractBehavior.getComponentInstance(AbstractBehavior.java:64)
at org.picocontainer.behaviors.Stored.getComponentInstance(Stored.java:91)
at org.picocontainer.DefaultPicoContainer.getInstance(DefaultPicoContainer.java:699)
at org.picocontainer.DefaultPicoContainer.getComponent(DefaultPicoContainer.java:647)
at org.picocontainer.DefaultPicoContainer.getComponent(DefaultPicoContainer.java:678)
at io.cucumber.picocontainer.PicoFactory.getInstance(PicoFactory.java:64)
at io.cucumber.java.AbstractGlueDefinition.invokeMethod(AbstractGlueDefinition.java:47)
at io.cucumber.java.JavaStepDefinition.execute(JavaStepDefinition.java:29)
at io.cucumber.core.runner.CoreStepDefinition.execute(CoreStepDefinition.java:66)
at io.cucumber.core.runner.PickleStepDefinitionMatch.runStep(PickleStepDefinitionMatch.java:63)
at io.cucumber.core.runner.ExecutionMode$1.execute(ExecutionMode.java:10)
at io.cucumber.core.runner.TestStep.executeStep(TestStep.java:84)
at io.cucumber.core.runner.TestStep.run(TestStep.java:56)
at io.cucumber.core.runner.PickleStepTestStep.run(PickleStepTestStep.java:51)
at io.cucumber.core.runner.TestCase.run(TestCase.java:84)
at io.cucumber.core.runner.Runner.runPickle(Runner.java:75)
at io.cucumber.testng.TestNGCucumberRunner.lambda$runScenario$1(TestNGCucumberRunner.java:132)
at io.cucumber.core.runtime.CucumberExecutionContext.lambda$runTestCase$5(CucumberExecutionContext.java:137)
at io.cucumber.core.runtime.RethrowingThrowableCollector.executeAndThrow(RethrowingThrowableCollector.java:23)
at io.cucumber.core.runtime.CucumberExecutionContext.runTestCase(CucumberExecutionContext.java:137)
at io.cucumber.testng.TestNGCucumberRunner.runScenario(TestNGCucumberRunner.java:129)
at io.cucumber.testng.AbstractTestNGCucumberTests.runScenario(AbstractTestNGCucumberTests.java:35)
at java.base/java.util.ArrayList.forEach(ArrayList.java:1596)
... Removed 28 stack frames]]>
    </failure>
  </testcase> <!-- runScenario -->
  <testcase classname="io.cucumber.testng.AbstractTestNGCucumberTests" name="runScenario" time="0.011">
    <failure type="java.lang.IllegalStateException" message="WebDriver is not initialized. Call DriverFactory.initDriver() before getDriver().">
      <![CDATA[java.lang.IllegalStateException: WebDriver is not initialized. Call DriverFactory.initDriver() before getDriver().
at core.DriverFactory.getDriver(DriverFactory.java:54)
at core.BasePage.<init>(BasePage.java:14)
at pages.LoginPage.<init>(LoginPage.java:6)
at steps.AuthenticationSteps.<init>(AuthenticationSteps.java:16)
at org.picocontainer.injectors.AbstractInjector.newInstance(AbstractInjector.java:145)
at org.picocontainer.injectors.ConstructorInjector$1.run(ConstructorInjector.java:342)
at org.picocontainer.injectors.AbstractInjector$ThreadLocalCyclicDependencyGuard.observe(AbstractInjector.java:270)
at org.picocontainer.injectors.ConstructorInjector.getComponentInstance(ConstructorInjector.java:364)
at org.picocontainer.injectors.AbstractInjectionFactory$LifecycleAdapter.getComponentInstance(AbstractInjectionFactory.java:56)
at org.picocontainer.behaviors.AbstractBehavior.getComponentInstance(AbstractBehavior.java:64)
at org.picocontainer.behaviors.Stored.getComponentInstance(Stored.java:91)
at org.picocontainer.DefaultPicoContainer.getInstance(DefaultPicoContainer.java:699)
at org.picocontainer.DefaultPicoContainer.getComponent(DefaultPicoContainer.java:647)
at org.picocontainer.DefaultPicoContainer.getComponent(DefaultPicoContainer.java:678)
at io.cucumber.picocontainer.PicoFactory.getInstance(PicoFactory.java:64)
at io.cucumber.java.AbstractGlueDefinition.invokeMethod(AbstractGlueDefinition.java:47)
at io.cucumber.java.JavaStepDefinition.execute(JavaStepDefinition.java:29)
at io.cucumber.core.runner.CoreStepDefinition.execute(CoreStepDefinition.java:66)
at io.cucumber.core.runner.PickleStepDefinitionMatch.runStep(PickleStepDefinitionMatch.java:63)
at io.cucumber.core.runner.ExecutionMode$1.execute(ExecutionMode.java:10)
at io.cucumber.core.runner.TestStep.executeStep(TestStep.java:84)
at io.cucumber.core.runner.TestStep.run(TestStep.java:56)
at io.cucumber.core.runner.PickleStepTestStep.run(PickleStepTestStep.java:51)
at io.cucumber.core.runner.TestCase.run(TestCase.java:84)
at io.cucumber.core.runner.Runner.runPickle(Runner.java:75)
at io.cucumber.testng.TestNGCucumberRunner.lambda$runScenario$1(TestNGCucumberRunner.java:132)
at io.cucumber.core.runtime.CucumberExecutionContext.lambda$runTestCase$5(CucumberExecutionContext.java:137)
at io.cucumber.core.runtime.RethrowingThrowableCollector.executeAndThrow(RethrowingThrowableCollector.java:23)
at io.cucumber.core.runtime.CucumberExecutionContext.runTestCase(CucumberExecutionContext.java:137)
at io.cucumber.testng.TestNGCucumberRunner.runScenario(TestNGCucumberRunner.java:129)
at io.cucumber.testng.AbstractTestNGCucumberTests.runScenario(AbstractTestNGCucumberTests.java:35)
at java.base/java.util.ArrayList.forEach(ArrayList.java:1596)
... Removed 28 stack frames]]>
    </failure>
  </testcase> <!-- runScenario -->
  <testcase classname="io.cucumber.testng.AbstractTestNGCucumberTests" name="runScenario" time="0.007">
    <failure type="java.lang.IllegalStateException" message="WebDriver is not initialized. Call DriverFactory.initDriver() before getDriver().">
      <![CDATA[java.lang.IllegalStateException: WebDriver is not initialized. Call DriverFactory.initDriver() before getDriver().
at core.DriverFactory.getDriver(DriverFactory.java:54)
at core.BasePage.<init>(BasePage.java:14)
at pages.LoginPage.<init>(LoginPage.java:6)
at steps.AuthenticationSteps.<init>(AuthenticationSteps.java:16)
at org.picocontainer.injectors.AbstractInjector.newInstance(AbstractInjector.java:145)
at org.picocontainer.injectors.ConstructorInjector$1.run(ConstructorInjector.java:342)
at org.picocontainer.injectors.AbstractInjector$ThreadLocalCyclicDependencyGuard.observe(AbstractInjector.java:270)
at org.picocontainer.injectors.ConstructorInjector.getComponentInstance(ConstructorInjector.java:364)
at org.picocontainer.injectors.AbstractInjectionFactory$LifecycleAdapter.getComponentInstance(AbstractInjectionFactory.java:56)
at org.picocontainer.behaviors.AbstractBehavior.getComponentInstance(AbstractBehavior.java:64)
at org.picocontainer.behaviors.Stored.getComponentInstance(Stored.java:91)
at org.picocontainer.DefaultPicoContainer.getInstance(DefaultPicoContainer.java:699)
at org.picocontainer.DefaultPicoContainer.getComponent(DefaultPicoContainer.java:647)
at org.picocontainer.DefaultPicoContainer.getComponent(DefaultPicoContainer.java:678)
at io.cucumber.picocontainer.PicoFactory.getInstance(PicoFactory.java:64)
at io.cucumber.java.AbstractGlueDefinition.invokeMethod(AbstractGlueDefinition.java:47)
at io.cucumber.java.JavaStepDefinition.execute(JavaStepDefinition.java:29)
at io.cucumber.core.runner.CoreStepDefinition.execute(CoreStepDefinition.java:66)
at io.cucumber.core.runner.PickleStepDefinitionMatch.runStep(PickleStepDefinitionMatch.java:63)
at io.cucumber.core.runner.ExecutionMode$1.execute(ExecutionMode.java:10)
at io.cucumber.core.runner.TestStep.executeStep(TestStep.java:84)
at io.cucumber.core.runner.TestStep.run(TestStep.java:56)
at io.cucumber.core.runner.PickleStepTestStep.run(PickleStepTestStep.java:51)
at io.cucumber.core.runner.TestCase.run(TestCase.java:84)
at io.cucumber.core.runner.Runner.runPickle(Runner.java:75)
at io.cucumber.testng.TestNGCucumberRunner.lambda$runScenario$1(TestNGCucumberRunner.java:132)
at io.cucumber.core.runtime.CucumberExecutionContext.lambda$runTestCase$5(CucumberExecutionContext.java:137)
at io.cucumber.core.runtime.RethrowingThrowableCollector.executeAndThrow(RethrowingThrowableCollector.java:23)
at io.cucumber.core.runtime.CucumberExecutionContext.runTestCase(CucumberExecutionContext.java:137)
at io.cucumber.testng.TestNGCucumberRunner.runScenario(TestNGCucumberRunner.java:129)
at io.cucumber.testng.AbstractTestNGCucumberTests.runScenario(AbstractTestNGCucumberTests.java:35)
at java.base/java.util.ArrayList.forEach(ArrayList.java:1596)
... Removed 28 stack frames]]>
    </failure>
  </testcase> <!-- runScenario -->
  <testcase classname="io.cucumber.testng.AbstractTestNGCucumberTests" name="runScenario" time="0.014">
    <failure type="java.lang.IllegalStateException" message="WebDriver is not initialized. Call DriverFactory.initDriver() before getDriver().">
      <![CDATA[java.lang.IllegalStateException: WebDriver is not initialized. Call DriverFactory.initDriver() before getDriver().
at core.DriverFactory.getDriver(DriverFactory.java:54)
at core.BasePage.<init>(BasePage.java:14)
at pages.HomePage.<init>(HomePage.java:15)
at steps.TS02CitySearchSteps.<init>(TS02CitySearchSteps.java:10)
at org.picocontainer.injectors.AbstractInjector.newInstance(AbstractInjector.java:145)
at org.picocontainer.injectors.ConstructorInjector$1.run(ConstructorInjector.java:342)
at org.picocontainer.injectors.AbstractInjector$ThreadLocalCyclicDependencyGuard.observe(AbstractInjector.java:270)
at org.picocontainer.injectors.ConstructorInjector.getComponentInstance(ConstructorInjector.java:364)
at org.picocontainer.injectors.AbstractInjectionFactory$LifecycleAdapter.getComponentInstance(AbstractInjectionFactory.java:56)
at org.picocontainer.behaviors.AbstractBehavior.getComponentInstance(AbstractBehavior.java:64)
at org.picocontainer.behaviors.Stored.getComponentInstance(Stored.java:91)
at org.picocontainer.DefaultPicoContainer.getInstance(DefaultPicoContainer.java:699)
at org.picocontainer.DefaultPicoContainer.getComponent(DefaultPicoContainer.java:647)
at org.picocontainer.DefaultPicoContainer.getComponent(DefaultPicoContainer.java:678)
at io.cucumber.picocontainer.PicoFactory.getInstance(PicoFactory.java:64)
at io.cucumber.java.AbstractGlueDefinition.invokeMethod(AbstractGlueDefinition.java:47)
at io.cucumber.java.JavaStepDefinition.execute(JavaStepDefinition.java:29)
at io.cucumber.core.runner.CoreStepDefinition.execute(CoreStepDefinition.java:66)
at io.cucumber.core.runner.PickleStepDefinitionMatch.runStep(PickleStepDefinitionMatch.java:63)
at io.cucumber.core.runner.ExecutionMode$1.execute(ExecutionMode.java:10)
at io.cucumber.core.runner.TestStep.executeStep(TestStep.java:84)
at io.cucumber.core.runner.TestStep.run(TestStep.java:56)
at io.cucumber.core.runner.PickleStepTestStep.run(PickleStepTestStep.java:51)
at io.cucumber.core.runner.TestCase.run(TestCase.java:84)
at io.cucumber.core.runner.Runner.runPickle(Runner.java:75)
at io.cucumber.testng.TestNGCucumberRunner.lambda$runScenario$1(TestNGCucumberRunner.java:132)
at io.cucumber.core.runtime.CucumberExecutionContext.lambda$runTestCase$5(CucumberExecutionContext.java:137)
at io.cucumber.core.runtime.RethrowingThrowableCollector.executeAndThrow(RethrowingThrowableCollector.java:23)
at io.cucumber.core.runtime.CucumberExecutionContext.runTestCase(CucumberExecutionContext.java:137)
at io.cucumber.testng.TestNGCucumberRunner.runScenario(TestNGCucumberRunner.java:129)
at io.cucumber.testng.AbstractTestNGCucumberTests.runScenario(AbstractTestNGCucumberTests.java:35)
at java.base/java.util.ArrayList.forEach(ArrayList.java:1596)
... Removed 28 stack frames]]>
    </failure>
  </testcase> <!-- runScenario -->
  <testcase classname="io.cucumber.testng.AbstractTestNGCucumberTests" name="runScenario" time="0.01">
    <failure type="java.lang.IllegalStateException" message="WebDriver is not initialized. Call DriverFactory.initDriver() before getDriver().">
      <![CDATA[java.lang.IllegalStateException: WebDriver is not initialized. Call DriverFactory.initDriver() before getDriver().
at core.DriverFactory.getDriver(DriverFactory.java:54)
at core.BasePage.<init>(BasePage.java:14)
at pages.HomePage.<init>(HomePage.java:15)
at steps.TS02CitySearchSteps.<init>(TS02CitySearchSteps.java:10)
at org.picocontainer.injectors.AbstractInjector.newInstance(AbstractInjector.java:145)
at org.picocontainer.injectors.ConstructorInjector$1.run(ConstructorInjector.java:342)
at org.picocontainer.injectors.AbstractInjector$ThreadLocalCyclicDependencyGuard.observe(AbstractInjector.java:270)
at org.picocontainer.injectors.ConstructorInjector.getComponentInstance(ConstructorInjector.java:364)
at org.picocontainer.injectors.AbstractInjectionFactory$LifecycleAdapter.getComponentInstance(AbstractInjectionFactory.java:56)
at org.picocontainer.behaviors.AbstractBehavior.getComponentInstance(AbstractBehavior.java:64)
at org.picocontainer.behaviors.Stored.getComponentInstance(Stored.java:91)
at org.picocontainer.DefaultPicoContainer.getInstance(DefaultPicoContainer.java:699)
at org.picocontainer.DefaultPicoContainer.getComponent(DefaultPicoContainer.java:647)
at org.picocontainer.DefaultPicoContainer.getComponent(DefaultPicoContainer.java:678)
at io.cucumber.picocontainer.PicoFactory.getInstance(PicoFactory.java:64)
at io.cucumber.java.AbstractGlueDefinition.invokeMethod(AbstractGlueDefinition.java:47)
at io.cucumber.java.JavaStepDefinition.execute(JavaStepDefinition.java:29)
at io.cucumber.core.runner.CoreStepDefinition.execute(CoreStepDefinition.java:66)
at io.cucumber.core.runner.PickleStepDefinitionMatch.runStep(PickleStepDefinitionMatch.java:63)
at io.cucumber.core.runner.ExecutionMode$1.execute(ExecutionMode.java:10)
at io.cucumber.core.runner.TestStep.executeStep(TestStep.java:84)
at io.cucumber.core.runner.TestStep.run(TestStep.java:56)
at io.cucumber.core.runner.PickleStepTestStep.run(PickleStepTestStep.java:51)
at io.cucumber.core.runner.TestCase.run(TestCase.java:84)
at io.cucumber.core.runner.Runner.runPickle(Runner.java:75)
at io.cucumber.testng.TestNGCucumberRunner.lambda$runScenario$1(TestNGCucumberRunner.java:132)
at io.cucumber.core.runtime.CucumberExecutionContext.lambda$runTestCase$5(CucumberExecutionContext.java:137)
at io.cucumber.core.runtime.RethrowingThrowableCollector.executeAndThrow(RethrowingThrowableCollector.java:23)
at io.cucumber.core.runtime.CucumberExecutionContext.runTestCase(CucumberExecutionContext.java:137)
at io.cucumber.testng.TestNGCucumberRunner.runScenario(TestNGCucumberRunner.java:129)
at io.cucumber.testng.AbstractTestNGCucumberTests.runScenario(AbstractTestNGCucumberTests.java:35)
at java.base/java.util.ArrayList.forEach(ArrayList.java:1596)
... Removed 28 stack frames]]>
    </failure>
  </testcase> <!-- runScenario -->
  <testcase classname="io.cucumber.testng.AbstractTestNGCucumberTests" name="runScenario" time="0.007">
    <failure type="java.lang.IllegalStateException" message="WebDriver is not initialized. Call DriverFactory.initDriver() before getDriver().">
      <![CDATA[java.lang.IllegalStateException: WebDriver is not initialized. Call DriverFactory.initDriver() before getDriver().
at core.DriverFactory.getDriver(DriverFactory.java:54)
at core.BasePage.<init>(BasePage.java:14)
at pages.HomePage.<init>(HomePage.java:15)
at steps.TS02CitySearchSteps.<init>(TS02CitySearchSteps.java:10)
at org.picocontainer.injectors.AbstractInjector.newInstance(AbstractInjector.java:145)
at org.picocontainer.injectors.ConstructorInjector$1.run(ConstructorInjector.java:342)
at org.picocontainer.injectors.AbstractInjector$ThreadLocalCyclicDependencyGuard.observe(AbstractInjector.java:270)
at org.picocontainer.injectors.ConstructorInjector.getComponentInstance(ConstructorInjector.java:364)
at org.picocontainer.injectors.AbstractInjectionFactory$LifecycleAdapter.getComponentInstance(AbstractInjectionFactory.java:56)
at org.picocontainer.behaviors.AbstractBehavior.getComponentInstance(AbstractBehavior.java:64)
at org.picocontainer.behaviors.Stored.getComponentInstance(Stored.java:91)
at org.picocontainer.DefaultPicoContainer.getInstance(DefaultPicoContainer.java:699)
at org.picocontainer.DefaultPicoContainer.getComponent(DefaultPicoContainer.java:647)
at org.picocontainer.DefaultPicoContainer.getComponent(DefaultPicoContainer.java:678)
at io.cucumber.picocontainer.PicoFactory.getInstance(PicoFactory.java:64)
at io.cucumber.java.AbstractGlueDefinition.invokeMethod(AbstractGlueDefinition.java:47)
at io.cucumber.java.JavaStepDefinition.execute(JavaStepDefinition.java:29)
at io.cucumber.core.runner.CoreStepDefinition.execute(CoreStepDefinition.java:66)
at io.cucumber.core.runner.PickleStepDefinitionMatch.runStep(PickleStepDefinitionMatch.java:63)
at io.cucumber.core.runner.ExecutionMode$1.execute(ExecutionMode.java:10)
at io.cucumber.core.runner.TestStep.executeStep(TestStep.java:84)
at io.cucumber.core.runner.TestStep.run(TestStep.java:56)
at io.cucumber.core.runner.PickleStepTestStep.run(PickleStepTestStep.java:51)
at io.cucumber.core.runner.TestCase.run(TestCase.java:84)
at io.cucumber.core.runner.Runner.runPickle(Runner.java:75)
at io.cucumber.testng.TestNGCucumberRunner.lambda$runScenario$1(TestNGCucumberRunner.java:132)
at io.cucumber.core.runtime.CucumberExecutionContext.lambda$runTestCase$5(CucumberExecutionContext.java:137)
at io.cucumber.core.runtime.RethrowingThrowableCollector.executeAndThrow(RethrowingThrowableCollector.java:23)
at io.cucumber.core.runtime.CucumberExecutionContext.runTestCase(CucumberExecutionContext.java:137)
at io.cucumber.testng.TestNGCucumberRunner.runScenario(TestNGCucumberRunner.java:129)
at io.cucumber.testng.AbstractTestNGCucumberTests.runScenario(AbstractTestNGCucumberTests.java:35)
at java.base/java.util.ArrayList.forEach(ArrayList.java:1596)
... Removed 28 stack frames]]>
    </failure>
  </testcase> <!-- runScenario -->
  <testcase classname="io.cucumber.testng.AbstractTestNGCucumberTests" name="runScenario" time="0.009">
    <failure type="java.lang.IllegalStateException" message="WebDriver is not initialized. Call DriverFactory.initDriver() before getDriver().">
      <![CDATA[java.lang.IllegalStateException: WebDriver is not initialized. Call DriverFactory.initDriver() before getDriver().
at core.DriverFactory.getDriver(DriverFactory.java:54)
at core.BasePage.<init>(BasePage.java:14)
at pages.HomePage.<init>(HomePage.java:15)
at steps.TS02CitySearchSteps.<init>(TS02CitySearchSteps.java:10)
at org.picocontainer.injectors.AbstractInjector.newInstance(AbstractInjector.java:145)
at org.picocontainer.injectors.ConstructorInjector$1.run(ConstructorInjector.java:342)
at org.picocontainer.injectors.AbstractInjector$ThreadLocalCyclicDependencyGuard.observe(AbstractInjector.java:270)
at org.picocontainer.injectors.ConstructorInjector.getComponentInstance(ConstructorInjector.java:364)
at org.picocontainer.injectors.AbstractInjectionFactory$LifecycleAdapter.getComponentInstance(AbstractInjectionFactory.java:56)
at org.picocontainer.behaviors.AbstractBehavior.getComponentInstance(AbstractBehavior.java:64)
at org.picocontainer.behaviors.Stored.getComponentInstance(Stored.java:91)
at org.picocontainer.DefaultPicoContainer.getInstance(DefaultPicoContainer.java:699)
at org.picocontainer.DefaultPicoContainer.getComponent(DefaultPicoContainer.java:647)
at org.picocontainer.DefaultPicoContainer.getComponent(DefaultPicoContainer.java:678)
at io.cucumber.picocontainer.PicoFactory.getInstance(PicoFactory.java:64)
at io.cucumber.java.AbstractGlueDefinition.invokeMethod(AbstractGlueDefinition.java:47)
at io.cucumber.java.JavaStepDefinition.execute(JavaStepDefinition.java:29)
at io.cucumber.core.runner.CoreStepDefinition.execute(CoreStepDefinition.java:66)
at io.cucumber.core.runner.PickleStepDefinitionMatch.runStep(PickleStepDefinitionMatch.java:63)
at io.cucumber.core.runner.ExecutionMode$1.execute(ExecutionMode.java:10)
at io.cucumber.core.runner.TestStep.executeStep(TestStep.java:84)
at io.cucumber.core.runner.TestStep.run(TestStep.java:56)
at io.cucumber.core.runner.PickleStepTestStep.run(PickleStepTestStep.java:51)
at io.cucumber.core.runner.TestCase.run(TestCase.java:84)
at io.cucumber.core.runner.Runner.runPickle(Runner.java:75)
at io.cucumber.testng.TestNGCucumberRunner.lambda$runScenario$1(TestNGCucumberRunner.java:132)
at io.cucumber.core.runtime.CucumberExecutionContext.lambda$runTestCase$5(CucumberExecutionContext.java:137)
at io.cucumber.core.runtime.RethrowingThrowableCollector.executeAndThrow(RethrowingThrowableCollector.java:23)
at io.cucumber.core.runtime.CucumberExecutionContext.runTestCase(CucumberExecutionContext.java:137)
at io.cucumber.testng.TestNGCucumberRunner.runScenario(TestNGCucumberRunner.java:129)
at io.cucumber.testng.AbstractTestNGCucumberTests.runScenario(AbstractTestNGCucumberTests.java:35)
at java.base/java.util.ArrayList.forEach(ArrayList.java:1596)
... Removed 28 stack frames]]>
    </failure>
  </testcase> <!-- runScenario -->
  <testcase classname="io.cucumber.testng.AbstractTestNGCucumberTests" name="runScenario" time="0.007">
    <failure type="java.lang.IllegalStateException" message="WebDriver is not initialized. Call DriverFactory.initDriver() before getDriver().">
      <![CDATA[java.lang.IllegalStateException: WebDriver is not initialized. Call DriverFactory.initDriver() before getDriver().
at core.DriverFactory.getDriver(DriverFactory.java:54)
at core.BasePage.<init>(BasePage.java:14)
at pages.HomePage.<init>(HomePage.java:15)
at steps.TS02CitySearchSteps.<init>(TS02CitySearchSteps.java:10)
at org.picocontainer.injectors.AbstractInjector.newInstance(AbstractInjector.java:145)
at org.picocontainer.injectors.ConstructorInjector$1.run(ConstructorInjector.java:342)
at org.picocontainer.injectors.AbstractInjector$ThreadLocalCyclicDependencyGuard.observe(AbstractInjector.java:270)
at org.picocontainer.injectors.ConstructorInjector.getComponentInstance(ConstructorInjector.java:364)
at org.picocontainer.injectors.AbstractInjectionFactory$LifecycleAdapter.getComponentInstance(AbstractInjectionFactory.java:56)
at org.picocontainer.behaviors.AbstractBehavior.getComponentInstance(AbstractBehavior.java:64)
at org.picocontainer.behaviors.Stored.getComponentInstance(Stored.java:91)
at org.picocontainer.DefaultPicoContainer.getInstance(DefaultPicoContainer.java:699)
at org.picocontainer.DefaultPicoContainer.getComponent(DefaultPicoContainer.java:647)
at org.picocontainer.DefaultPicoContainer.getComponent(DefaultPicoContainer.java:678)
at io.cucumber.picocontainer.PicoFactory.getInstance(PicoFactory.java:64)
at io.cucumber.java.AbstractGlueDefinition.invokeMethod(AbstractGlueDefinition.java:47)
at io.cucumber.java.JavaStepDefinition.execute(JavaStepDefinition.java:29)
at io.cucumber.core.runner.CoreStepDefinition.execute(CoreStepDefinition.java:66)
at io.cucumber.core.runner.PickleStepDefinitionMatch.runStep(PickleStepDefinitionMatch.java:63)
at io.cucumber.core.runner.ExecutionMode$1.execute(ExecutionMode.java:10)
at io.cucumber.core.runner.TestStep.executeStep(TestStep.java:84)
at io.cucumber.core.runner.TestStep.run(TestStep.java:56)
at io.cucumber.core.runner.PickleStepTestStep.run(PickleStepTestStep.java:51)
at io.cucumber.core.runner.TestCase.run(TestCase.java:84)
at io.cucumber.core.runner.Runner.runPickle(Runner.java:75)
at io.cucumber.testng.TestNGCucumberRunner.lambda$runScenario$1(TestNGCucumberRunner.java:132)
at io.cucumber.core.runtime.CucumberExecutionContext.lambda$runTestCase$5(CucumberExecutionContext.java:137)
at io.cucumber.core.runtime.RethrowingThrowableCollector.executeAndThrow(RethrowingThrowableCollector.java:23)
at io.cucumber.core.runtime.CucumberExecutionContext.runTestCase(CucumberExecutionContext.java:137)
at io.cucumber.testng.TestNGCucumberRunner.runScenario(TestNGCucumberRunner.java:129)
at io.cucumber.testng.AbstractTestNGCucumberTests.runScenario(AbstractTestNGCucumberTests.java:35)
at java.base/java.util.ArrayList.forEach(ArrayList.java:1596)
... Removed 28 stack frames]]>
    </failure>
  </testcase> <!-- runScenario -->
  <testcase classname="io.cucumber.testng.AbstractTestNGCucumberTests" name="runScenario" time="0.008">
    <failure type="java.lang.IllegalStateException" message="WebDriver is not initialized. Call DriverFactory.initDriver() before getDriver().">
      <![CDATA[java.lang.IllegalStateException: WebDriver is not initialized. Call DriverFactory.initDriver() before getDriver().
at core.DriverFactory.getDriver(DriverFactory.java:54)
at core.BasePage.<init>(BasePage.java:14)
at pages.HomePage.<init>(HomePage.java:15)
at steps.TS02CitySearchSteps.<init>(TS02CitySearchSteps.java:10)
at org.picocontainer.injectors.AbstractInjector.newInstance(AbstractInjector.java:145)
at org.picocontainer.injectors.ConstructorInjector$1.run(ConstructorInjector.java:342)
at org.picocontainer.injectors.AbstractInjector$ThreadLocalCyclicDependencyGuard.observe(AbstractInjector.java:270)
at org.picocontainer.injectors.ConstructorInjector.getComponentInstance(ConstructorInjector.java:364)
at org.picocontainer.injectors.AbstractInjectionFactory$LifecycleAdapter.getComponentInstance(AbstractInjectionFactory.java:56)
at org.picocontainer.behaviors.AbstractBehavior.getComponentInstance(AbstractBehavior.java:64)
at org.picocontainer.behaviors.Stored.getComponentInstance(Stored.java:91)
at org.picocontainer.DefaultPicoContainer.getInstance(DefaultPicoContainer.java:699)
at org.picocontainer.DefaultPicoContainer.getComponent(DefaultPicoContainer.java:647)
at org.picocontainer.DefaultPicoContainer.getComponent(DefaultPicoContainer.java:678)
at io.cucumber.picocontainer.PicoFactory.getInstance(PicoFactory.java:64)
at io.cucumber.java.AbstractGlueDefinition.invokeMethod(AbstractGlueDefinition.java:47)
at io.cucumber.java.JavaStepDefinition.execute(JavaStepDefinition.java:29)
at io.cucumber.core.runner.CoreStepDefinition.execute(CoreStepDefinition.java:66)
at io.cucumber.core.runner.PickleStepDefinitionMatch.runStep(PickleStepDefinitionMatch.java:63)
at io.cucumber.core.runner.ExecutionMode$1.execute(ExecutionMode.java:10)
at io.cucumber.core.runner.TestStep.executeStep(TestStep.java:84)
at io.cucumber.core.runner.TestStep.run(TestStep.java:56)
at io.cucumber.core.runner.PickleStepTestStep.run(PickleStepTestStep.java:51)
at io.cucumber.core.runner.TestCase.run(TestCase.java:84)
at io.cucumber.core.runner.Runner.runPickle(Runner.java:75)
at io.cucumber.testng.TestNGCucumberRunner.lambda$runScenario$1(TestNGCucumberRunner.java:132)
at io.cucumber.core.runtime.CucumberExecutionContext.lambda$runTestCase$5(CucumberExecutionContext.java:137)
at io.cucumber.core.runtime.RethrowingThrowableCollector.executeAndThrow(RethrowingThrowableCollector.java:23)
at io.cucumber.core.runtime.CucumberExecutionContext.runTestCase(CucumberExecutionContext.java:137)
at io.cucumber.testng.TestNGCucumberRunner.runScenario(TestNGCucumberRunner.java:129)
at io.cucumber.testng.AbstractTestNGCucumberTests.runScenario(AbstractTestNGCucumberTests.java:35)
at java.base/java.util.ArrayList.forEach(ArrayList.java:1596)
... Removed 28 stack frames]]>
    </failure>
  </testcase> <!-- runScenario -->
  <testcase classname="io.cucumber.testng.AbstractTestNGCucumberTests" name="runScenario" time="0.008">
    <failure type="java.lang.IllegalStateException" message="WebDriver is not initialized. Call DriverFactory.initDriver() before getDriver().">
      <![CDATA[java.lang.IllegalStateException: WebDriver is not initialized. Call DriverFactory.initDriver() before getDriver().
at core.DriverFactory.getDriver(DriverFactory.java:54)
at core.BasePage.<init>(BasePage.java:14)
at pages.HomePage.<init>(HomePage.java:15)
at steps.TS02CitySearchSteps.<init>(TS02CitySearchSteps.java:10)
at org.picocontainer.injectors.AbstractInjector.newInstance(AbstractInjector.java:145)
at org.picocontainer.injectors.ConstructorInjector$1.run(ConstructorInjector.java:342)
at org.picocontainer.injectors.AbstractInjector$ThreadLocalCyclicDependencyGuard.observe(AbstractInjector.java:270)
at org.picocontainer.injectors.ConstructorInjector.getComponentInstance(ConstructorInjector.java:364)
at org.picocontainer.injectors.AbstractInjectionFactory$LifecycleAdapter.getComponentInstance(AbstractInjectionFactory.java:56)
at org.picocontainer.behaviors.AbstractBehavior.getComponentInstance(AbstractBehavior.java:64)
at org.picocontainer.behaviors.Stored.getComponentInstance(Stored.java:91)
at org.picocontainer.DefaultPicoContainer.getInstance(DefaultPicoContainer.java:699)
at org.picocontainer.DefaultPicoContainer.getComponent(DefaultPicoContainer.java:647)
at org.picocontainer.DefaultPicoContainer.getComponent(DefaultPicoContainer.java:678)
at io.cucumber.picocontainer.PicoFactory.getInstance(PicoFactory.java:64)
at io.cucumber.java.AbstractGlueDefinition.invokeMethod(AbstractGlueDefinition.java:47)
at io.cucumber.java.JavaStepDefinition.execute(JavaStepDefinition.java:29)
at io.cucumber.core.runner.CoreStepDefinition.execute(CoreStepDefinition.java:66)
at io.cucumber.core.runner.PickleStepDefinitionMatch.runStep(PickleStepDefinitionMatch.java:63)
at io.cucumber.core.runner.ExecutionMode$1.execute(ExecutionMode.java:10)
at io.cucumber.core.runner.TestStep.executeStep(TestStep.java:84)
at io.cucumber.core.runner.TestStep.run(TestStep.java:56)
at io.cucumber.core.runner.PickleStepTestStep.run(PickleStepTestStep.java:51)
at io.cucumber.core.runner.TestCase.run(TestCase.java:84)
at io.cucumber.core.runner.Runner.runPickle(Runner.java:75)
at io.cucumber.testng.TestNGCucumberRunner.lambda$runScenario$1(TestNGCucumberRunner.java:132)
at io.cucumber.core.runtime.CucumberExecutionContext.lambda$runTestCase$5(CucumberExecutionContext.java:137)
at io.cucumber.core.runtime.RethrowingThrowableCollector.executeAndThrow(RethrowingThrowableCollector.java:23)
at io.cucumber.core.runtime.CucumberExecutionContext.runTestCase(CucumberExecutionContext.java:137)
at io.cucumber.testng.TestNGCucumberRunner.runScenario(TestNGCucumberRunner.java:129)
at io.cucumber.testng.AbstractTestNGCucumberTests.runScenario(AbstractTestNGCucumberTests.java:35)
at java.base/java.util.ArrayList.forEach(ArrayList.java:1596)
... Removed 28 stack frames]]>
    </failure>
  </testcase> <!-- runScenario -->
  <testcase classname="io.cucumber.testng.AbstractTestNGCucumberTests" name="runScenario" time="0.006">
    <failure type="java.lang.IllegalStateException" message="WebDriver is not initialized. Call DriverFactory.initDriver() before getDriver().">
      <![CDATA[java.lang.IllegalStateException: WebDriver is not initialized. Call DriverFactory.initDriver() before getDriver().
at core.DriverFactory.getDriver(DriverFactory.java:54)
at core.BasePage.<init>(BasePage.java:14)
at pages.HomePage.<init>(HomePage.java:15)
at steps.TS02CitySearchSteps.<init>(TS02CitySearchSteps.java:10)
at org.picocontainer.injectors.AbstractInjector.newInstance(AbstractInjector.java:145)
at org.picocontainer.injectors.ConstructorInjector$1.run(ConstructorInjector.java:342)
at org.picocontainer.injectors.AbstractInjector$ThreadLocalCyclicDependencyGuard.observe(AbstractInjector.java:270)
at org.picocontainer.injectors.ConstructorInjector.getComponentInstance(ConstructorInjector.java:364)
at org.picocontainer.injectors.AbstractInjectionFactory$LifecycleAdapter.getComponentInstance(AbstractInjectionFactory.java:56)
at org.picocontainer.behaviors.AbstractBehavior.getComponentInstance(AbstractBehavior.java:64)
at org.picocontainer.behaviors.Stored.getComponentInstance(Stored.java:91)
at org.picocontainer.DefaultPicoContainer.getInstance(DefaultPicoContainer.java:699)
at org.picocontainer.DefaultPicoContainer.getComponent(DefaultPicoContainer.java:647)
at org.picocontainer.DefaultPicoContainer.getComponent(DefaultPicoContainer.java:678)
at io.cucumber.picocontainer.PicoFactory.getInstance(PicoFactory.java:64)
at io.cucumber.java.AbstractGlueDefinition.invokeMethod(AbstractGlueDefinition.java:47)
at io.cucumber.java.JavaStepDefinition.execute(JavaStepDefinition.java:29)
at io.cucumber.core.runner.CoreStepDefinition.execute(CoreStepDefinition.java:66)
at io.cucumber.core.runner.PickleStepDefinitionMatch.runStep(PickleStepDefinitionMatch.java:63)
at io.cucumber.core.runner.ExecutionMode$1.execute(ExecutionMode.java:10)
at io.cucumber.core.runner.TestStep.executeStep(TestStep.java:84)
at io.cucumber.core.runner.TestStep.run(TestStep.java:56)
at io.cucumber.core.runner.PickleStepTestStep.run(PickleStepTestStep.java:51)
at io.cucumber.core.runner.TestCase.run(TestCase.java:84)
at io.cucumber.core.runner.Runner.runPickle(Runner.java:75)
at io.cucumber.testng.TestNGCucumberRunner.lambda$runScenario$1(TestNGCucumberRunner.java:132)
at io.cucumber.core.runtime.CucumberExecutionContext.lambda$runTestCase$5(CucumberExecutionContext.java:137)
at io.cucumber.core.runtime.RethrowingThrowableCollector.executeAndThrow(RethrowingThrowableCollector.java:23)
at io.cucumber.core.runtime.CucumberExecutionContext.runTestCase(CucumberExecutionContext.java:137)
at io.cucumber.testng.TestNGCucumberRunner.runScenario(TestNGCucumberRunner.java:129)
at io.cucumber.testng.AbstractTestNGCucumberTests.runScenario(AbstractTestNGCucumberTests.java:35)
at java.base/java.util.ArrayList.forEach(ArrayList.java:1596)
... Removed 28 stack frames]]>
    </failure>
  </testcase> <!-- runScenario -->
  <testcase classname="io.cucumber.testng.AbstractTestNGCucumberTests" name="runScenario" time="0.005">
    <failure type="java.lang.IllegalStateException" message="WebDriver is not initialized. Call DriverFactory.initDriver() before getDriver().">
      <![CDATA[java.lang.IllegalStateException: WebDriver is not initialized. Call DriverFactory.initDriver() before getDriver().
at core.DriverFactory.getDriver(DriverFactory.java:54)
at core.BasePage.<init>(BasePage.java:14)
at pages.HomePage.<init>(HomePage.java:15)
at steps.TS02CitySearchSteps.<init>(TS02CitySearchSteps.java:10)
at org.picocontainer.injectors.AbstractInjector.newInstance(AbstractInjector.java:145)
at org.picocontainer.injectors.ConstructorInjector$1.run(ConstructorInjector.java:342)
at org.picocontainer.injectors.AbstractInjector$ThreadLocalCyclicDependencyGuard.observe(AbstractInjector.java:270)
at org.picocontainer.injectors.ConstructorInjector.getComponentInstance(ConstructorInjector.java:364)
at org.picocontainer.injectors.AbstractInjectionFactory$LifecycleAdapter.getComponentInstance(AbstractInjectionFactory.java:56)
at org.picocontainer.behaviors.AbstractBehavior.getComponentInstance(AbstractBehavior.java:64)
at org.picocontainer.behaviors.Stored.getComponentInstance(Stored.java:91)
at org.picocontainer.DefaultPicoContainer.getInstance(DefaultPicoContainer.java:699)
at org.picocontainer.DefaultPicoContainer.getComponent(DefaultPicoContainer.java:647)
at org.picocontainer.DefaultPicoContainer.getComponent(DefaultPicoContainer.java:678)
at io.cucumber.picocontainer.PicoFactory.getInstance(PicoFactory.java:64)
at io.cucumber.java.AbstractGlueDefinition.invokeMethod(AbstractGlueDefinition.java:47)
at io.cucumber.java.JavaStepDefinition.execute(JavaStepDefinition.java:29)
at io.cucumber.core.runner.CoreStepDefinition.execute(CoreStepDefinition.java:66)
at io.cucumber.core.runner.PickleStepDefinitionMatch.runStep(PickleStepDefinitionMatch.java:63)
at io.cucumber.core.runner.ExecutionMode$1.execute(ExecutionMode.java:10)
at io.cucumber.core.runner.TestStep.executeStep(TestStep.java:84)
at io.cucumber.core.runner.TestStep.run(TestStep.java:56)
at io.cucumber.core.runner.PickleStepTestStep.run(PickleStepTestStep.java:51)
at io.cucumber.core.runner.TestCase.run(TestCase.java:84)
at io.cucumber.core.runner.Runner.runPickle(Runner.java:75)
at io.cucumber.testng.TestNGCucumberRunner.lambda$runScenario$1(TestNGCucumberRunner.java:132)
at io.cucumber.core.runtime.CucumberExecutionContext.lambda$runTestCase$5(CucumberExecutionContext.java:137)
at io.cucumber.core.runtime.RethrowingThrowableCollector.executeAndThrow(RethrowingThrowableCollector.java:23)
at io.cucumber.core.runtime.CucumberExecutionContext.runTestCase(CucumberExecutionContext.java:137)
at io.cucumber.testng.TestNGCucumberRunner.runScenario(TestNGCucumberRunner.java:129)
at io.cucumber.testng.AbstractTestNGCucumberTests.runScenario(AbstractTestNGCucumberTests.java:35)
at java.base/java.util.ArrayList.forEach(ArrayList.java:1596)
... Removed 28 stack frames]]>
    </failure>
  </testcase> <!-- runScenario -->
  <testcase classname="io.cucumber.testng.AbstractTestNGCucumberTests" name="runScenario" time="0.008">
    <failure type="java.lang.IllegalStateException" message="WebDriver is not initialized. Call DriverFactory.initDriver() before getDriver().">
      <![CDATA[java.lang.IllegalStateException: WebDriver is not initialized. Call DriverFactory.initDriver() before getDriver().
at core.DriverFactory.getDriver(DriverFactory.java:54)
at core.BasePage.<init>(BasePage.java:14)
at pages.HomePage.<init>(HomePage.java:15)
at steps.TS02CitySearchSteps.<init>(TS02CitySearchSteps.java:10)
at org.picocontainer.injectors.AbstractInjector.newInstance(AbstractInjector.java:145)
at org.picocontainer.injectors.ConstructorInjector$1.run(ConstructorInjector.java:342)
at org.picocontainer.injectors.AbstractInjector$ThreadLocalCyclicDependencyGuard.observe(AbstractInjector.java:270)
at org.picocontainer.injectors.ConstructorInjector.getComponentInstance(ConstructorInjector.java:364)
at org.picocontainer.injectors.AbstractInjectionFactory$LifecycleAdapter.getComponentInstance(AbstractInjectionFactory.java:56)
at org.picocontainer.behaviors.AbstractBehavior.getComponentInstance(AbstractBehavior.java:64)
at org.picocontainer.behaviors.Stored.getComponentInstance(Stored.java:91)
at org.picocontainer.DefaultPicoContainer.getInstance(DefaultPicoContainer.java:699)
at org.picocontainer.DefaultPicoContainer.getComponent(DefaultPicoContainer.java:647)
at org.picocontainer.DefaultPicoContainer.getComponent(DefaultPicoContainer.java:678)
at io.cucumber.picocontainer.PicoFactory.getInstance(PicoFactory.java:64)
at io.cucumber.java.AbstractGlueDefinition.invokeMethod(AbstractGlueDefinition.java:47)
at io.cucumber.java.JavaStepDefinition.execute(JavaStepDefinition.java:29)
at io.cucumber.core.runner.CoreStepDefinition.execute(CoreStepDefinition.java:66)
at io.cucumber.core.runner.PickleStepDefinitionMatch.runStep(PickleStepDefinitionMatch.java:63)
at io.cucumber.core.runner.ExecutionMode$1.execute(ExecutionMode.java:10)
at io.cucumber.core.runner.TestStep.executeStep(TestStep.java:84)
at io.cucumber.core.runner.TestStep.run(TestStep.java:56)
at io.cucumber.core.runner.PickleStepTestStep.run(PickleStepTestStep.java:51)
at io.cucumber.core.runner.TestCase.run(TestCase.java:84)
at io.cucumber.core.runner.Runner.runPickle(Runner.java:75)
at io.cucumber.testng.TestNGCucumberRunner.lambda$runScenario$1(TestNGCucumberRunner.java:132)
at io.cucumber.core.runtime.CucumberExecutionContext.lambda$runTestCase$5(CucumberExecutionContext.java:137)
at io.cucumber.core.runtime.RethrowingThrowableCollector.executeAndThrow(RethrowingThrowableCollector.java:23)
at io.cucumber.core.runtime.CucumberExecutionContext.runTestCase(CucumberExecutionContext.java:137)
at io.cucumber.testng.TestNGCucumberRunner.runScenario(TestNGCucumberRunner.java:129)
at io.cucumber.testng.AbstractTestNGCucumberTests.runScenario(AbstractTestNGCucumberTests.java:35)
at java.base/java.util.ArrayList.forEach(ArrayList.java:1596)
... Removed 28 stack frames]]>
    </failure>
  </testcase> <!-- runScenario -->
  <testcase classname="io.cucumber.testng.AbstractTestNGCucumberTests" name="runScenario" time="0.005">
    <failure type="java.lang.IllegalStateException" message="WebDriver is not initialized. Call DriverFactory.initDriver() before getDriver().">
      <![CDATA[java.lang.IllegalStateException: WebDriver is not initialized. Call DriverFactory.initDriver() before getDriver().
at core.DriverFactory.getDriver(DriverFactory.java:54)
at core.BasePage.<init>(BasePage.java:14)
at pages.HomePage.<init>(HomePage.java:15)
at steps.TS02CitySearchSteps.<init>(TS02CitySearchSteps.java:10)
at org.picocontainer.injectors.AbstractInjector.newInstance(AbstractInjector.java:145)
at org.picocontainer.injectors.ConstructorInjector$1.run(ConstructorInjector.java:342)
at org.picocontainer.injectors.AbstractInjector$ThreadLocalCyclicDependencyGuard.observe(AbstractInjector.java:270)
at org.picocontainer.injectors.ConstructorInjector.getComponentInstance(ConstructorInjector.java:364)
at org.picocontainer.injectors.AbstractInjectionFactory$LifecycleAdapter.getComponentInstance(AbstractInjectionFactory.java:56)
at org.picocontainer.behaviors.AbstractBehavior.getComponentInstance(AbstractBehavior.java:64)
at org.picocontainer.behaviors.Stored.getComponentInstance(Stored.java:91)
at org.picocontainer.DefaultPicoContainer.getInstance(DefaultPicoContainer.java:699)
at org.picocontainer.DefaultPicoContainer.getComponent(DefaultPicoContainer.java:647)
at org.picocontainer.DefaultPicoContainer.getComponent(DefaultPicoContainer.java:678)
at io.cucumber.picocontainer.PicoFactory.getInstance(PicoFactory.java:64)
at io.cucumber.java.AbstractGlueDefinition.invokeMethod(AbstractGlueDefinition.java:47)
at io.cucumber.java.JavaStepDefinition.execute(JavaStepDefinition.java:29)
at io.cucumber.core.runner.CoreStepDefinition.execute(CoreStepDefinition.java:66)
at io.cucumber.core.runner.PickleStepDefinitionMatch.runStep(PickleStepDefinitionMatch.java:63)
at io.cucumber.core.runner.ExecutionMode$1.execute(ExecutionMode.java:10)
at io.cucumber.core.runner.TestStep.executeStep(TestStep.java:84)
at io.cucumber.core.runner.TestStep.run(TestStep.java:56)
at io.cucumber.core.runner.PickleStepTestStep.run(PickleStepTestStep.java:51)
at io.cucumber.core.runner.TestCase.run(TestCase.java:84)
at io.cucumber.core.runner.Runner.runPickle(Runner.java:75)
at io.cucumber.testng.TestNGCucumberRunner.lambda$runScenario$1(TestNGCucumberRunner.java:132)
at io.cucumber.core.runtime.CucumberExecutionContext.lambda$runTestCase$5(CucumberExecutionContext.java:137)
at io.cucumber.core.runtime.RethrowingThrowableCollector.executeAndThrow(RethrowingThrowableCollector.java:23)
at io.cucumber.core.runtime.CucumberExecutionContext.runTestCase(CucumberExecutionContext.java:137)
at io.cucumber.testng.TestNGCucumberRunner.runScenario(TestNGCucumberRunner.java:129)
at io.cucumber.testng.AbstractTestNGCucumberTests.runScenario(AbstractTestNGCucumberTests.java:35)
at java.base/java.util.ArrayList.forEach(ArrayList.java:1596)
... Removed 28 stack frames]]>
    </failure>
  </testcase> <!-- runScenario -->
  <testcase classname="io.cucumber.testng.AbstractTestNGCucumberTests" name="runScenario" time="0.01">
    <failure type="java.lang.IllegalStateException" message="WebDriver is not initialized. Call DriverFactory.initDriver() before getDriver().">
      <![CDATA[java.lang.IllegalStateException: WebDriver is not initialized. Call DriverFactory.initDriver() before getDriver().
at core.DriverFactory.getDriver(DriverFactory.java:54)
at core.BasePage.<init>(BasePage.java:14)
at pages.HomePage.<init>(HomePage.java:15)
at steps.TS03TheatresFiltersSteps.<init>(TS03TheatresFiltersSteps.java:11)
at org.picocontainer.injectors.AbstractInjector.newInstance(AbstractInjector.java:145)
at org.picocontainer.injectors.ConstructorInjector$1.run(ConstructorInjector.java:342)
at org.picocontainer.injectors.AbstractInjector$ThreadLocalCyclicDependencyGuard.observe(AbstractInjector.java:270)
at org.picocontainer.injectors.ConstructorInjector.getComponentInstance(ConstructorInjector.java:364)
at org.picocontainer.injectors.AbstractInjectionFactory$LifecycleAdapter.getComponentInstance(AbstractInjectionFactory.java:56)
at org.picocontainer.behaviors.AbstractBehavior.getComponentInstance(AbstractBehavior.java:64)
at org.picocontainer.behaviors.Stored.getComponentInstance(Stored.java:91)
at org.picocontainer.DefaultPicoContainer.getInstance(DefaultPicoContainer.java:699)
at org.picocontainer.DefaultPicoContainer.getComponent(DefaultPicoContainer.java:647)
at org.picocontainer.DefaultPicoContainer.getComponent(DefaultPicoContainer.java:678)
at io.cucumber.picocontainer.PicoFactory.getInstance(PicoFactory.java:64)
at io.cucumber.java.AbstractGlueDefinition.invokeMethod(AbstractGlueDefinition.java:47)
at io.cucumber.java.JavaStepDefinition.execute(JavaStepDefinition.java:29)
at io.cucumber.core.runner.CoreStepDefinition.execute(CoreStepDefinition.java:66)
at io.cucumber.core.runner.PickleStepDefinitionMatch.runStep(PickleStepDefinitionMatch.java:63)
at io.cucumber.core.runner.ExecutionMode$1.execute(ExecutionMode.java:10)
at io.cucumber.core.runner.TestStep.executeStep(TestStep.java:84)
at io.cucumber.core.runner.TestStep.run(TestStep.java:56)
at io.cucumber.core.runner.PickleStepTestStep.run(PickleStepTestStep.java:51)
at io.cucumber.core.runner.TestCase.run(TestCase.java:84)
at io.cucumber.core.runner.Runner.runPickle(Runner.java:75)
at io.cucumber.testng.TestNGCucumberRunner.lambda$runScenario$1(TestNGCucumberRunner.java:132)
at io.cucumber.core.runtime.CucumberExecutionContext.lambda$runTestCase$5(CucumberExecutionContext.java:137)
at io.cucumber.core.runtime.RethrowingThrowableCollector.executeAndThrow(RethrowingThrowableCollector.java:23)
at io.cucumber.core.runtime.CucumberExecutionContext.runTestCase(CucumberExecutionContext.java:137)
at io.cucumber.testng.TestNGCucumberRunner.runScenario(TestNGCucumberRunner.java:129)
at io.cucumber.testng.AbstractTestNGCucumberTests.runScenario(AbstractTestNGCucumberTests.java:35)
at java.base/java.util.ArrayList.forEach(ArrayList.java:1596)
... Removed 28 stack frames]]>
    </failure>
  </testcase> <!-- runScenario -->
  <testcase classname="io.cucumber.testng.AbstractTestNGCucumberTests" name="runScenario" time="0.006">
    <failure type="java.lang.IllegalStateException" message="WebDriver is not initialized. Call DriverFactory.initDriver() before getDriver().">
      <![CDATA[java.lang.IllegalStateException: WebDriver is not initialized. Call DriverFactory.initDriver() before getDriver().
at core.DriverFactory.getDriver(DriverFactory.java:54)
at core.BasePage.<init>(BasePage.java:14)
at pages.HomePage.<init>(HomePage.java:15)
at steps.TS03TheatresFiltersSteps.<init>(TS03TheatresFiltersSteps.java:11)
at org.picocontainer.injectors.AbstractInjector.newInstance(AbstractInjector.java:145)
at org.picocontainer.injectors.ConstructorInjector$1.run(ConstructorInjector.java:342)
at org.picocontainer.injectors.AbstractInjector$ThreadLocalCyclicDependencyGuard.observe(AbstractInjector.java:270)
at org.picocontainer.injectors.ConstructorInjector.getComponentInstance(ConstructorInjector.java:364)
at org.picocontainer.injectors.AbstractInjectionFactory$LifecycleAdapter.getComponentInstance(AbstractInjectionFactory.java:56)
at org.picocontainer.behaviors.AbstractBehavior.getComponentInstance(AbstractBehavior.java:64)
at org.picocontainer.behaviors.Stored.getComponentInstance(Stored.java:91)
at org.picocontainer.DefaultPicoContainer.getInstance(DefaultPicoContainer.java:699)
at org.picocontainer.DefaultPicoContainer.getComponent(DefaultPicoContainer.java:647)
at org.picocontainer.DefaultPicoContainer.getComponent(DefaultPicoContainer.java:678)
at io.cucumber.picocontainer.PicoFactory.getInstance(PicoFactory.java:64)
at io.cucumber.java.AbstractGlueDefinition.invokeMethod(AbstractGlueDefinition.java:47)
at io.cucumber.java.JavaStepDefinition.execute(JavaStepDefinition.java:29)
at io.cucumber.core.runner.CoreStepDefinition.execute(CoreStepDefinition.java:66)
at io.cucumber.core.runner.PickleStepDefinitionMatch.runStep(PickleStepDefinitionMatch.java:63)
at io.cucumber.core.runner.ExecutionMode$1.execute(ExecutionMode.java:10)
at io.cucumber.core.runner.TestStep.executeStep(TestStep.java:84)
at io.cucumber.core.runner.TestStep.run(TestStep.java:56)
at io.cucumber.core.runner.PickleStepTestStep.run(PickleStepTestStep.java:51)
at io.cucumber.core.runner.TestCase.run(TestCase.java:84)
at io.cucumber.core.runner.Runner.runPickle(Runner.java:75)
at io.cucumber.testng.TestNGCucumberRunner.lambda$runScenario$1(TestNGCucumberRunner.java:132)
at io.cucumber.core.runtime.CucumberExecutionContext.lambda$runTestCase$5(CucumberExecutionContext.java:137)
at io.cucumber.core.runtime.RethrowingThrowableCollector.executeAndThrow(RethrowingThrowableCollector.java:23)
at io.cucumber.core.runtime.CucumberExecutionContext.runTestCase(CucumberExecutionContext.java:137)
at io.cucumber.testng.TestNGCucumberRunner.runScenario(TestNGCucumberRunner.java:129)
at io.cucumber.testng.AbstractTestNGCucumberTests.runScenario(AbstractTestNGCucumberTests.java:35)
at java.base/java.util.ArrayList.forEach(ArrayList.java:1596)
... Removed 28 stack frames]]>
    </failure>
  </testcase> <!-- runScenario -->
  <testcase classname="io.cucumber.testng.AbstractTestNGCucumberTests" name="runScenario" time="0.009">
    <failure type="java.lang.IllegalStateException" message="WebDriver is not initialized. Call DriverFactory.initDriver() before getDriver().">
      <![CDATA[java.lang.IllegalStateException: WebDriver is not initialized. Call DriverFactory.initDriver() before getDriver().
at core.DriverFactory.getDriver(DriverFactory.java:54)
at core.BasePage.<init>(BasePage.java:14)
at pages.HomePage.<init>(HomePage.java:15)
at steps.TS03TheatresFiltersSteps.<init>(TS03TheatresFiltersSteps.java:11)
at org.picocontainer.injectors.AbstractInjector.newInstance(AbstractInjector.java:145)
at org.picocontainer.injectors.ConstructorInjector$1.run(ConstructorInjector.java:342)
at org.picocontainer.injectors.AbstractInjector$ThreadLocalCyclicDependencyGuard.observe(AbstractInjector.java:270)
at org.picocontainer.injectors.ConstructorInjector.getComponentInstance(ConstructorInjector.java:364)
at org.picocontainer.injectors.AbstractInjectionFactory$LifecycleAdapter.getComponentInstance(AbstractInjectionFactory.java:56)
at org.picocontainer.behaviors.AbstractBehavior.getComponentInstance(AbstractBehavior.java:64)
at org.picocontainer.behaviors.Stored.getComponentInstance(Stored.java:91)
at org.picocontainer.DefaultPicoContainer.getInstance(DefaultPicoContainer.java:699)
at org.picocontainer.DefaultPicoContainer.getComponent(DefaultPicoContainer.java:647)
at org.picocontainer.DefaultPicoContainer.getComponent(DefaultPicoContainer.java:678)
at io.cucumber.picocontainer.PicoFactory.getInstance(PicoFactory.java:64)
at io.cucumber.java.AbstractGlueDefinition.invokeMethod(AbstractGlueDefinition.java:47)
at io.cucumber.java.JavaStepDefinition.execute(JavaStepDefinition.java:29)
at io.cucumber.core.runner.CoreStepDefinition.execute(CoreStepDefinition.java:66)
at io.cucumber.core.runner.PickleStepDefinitionMatch.runStep(PickleStepDefinitionMatch.java:63)
at io.cucumber.core.runner.ExecutionMode$1.execute(ExecutionMode.java:10)
at io.cucumber.core.runner.TestStep.executeStep(TestStep.java:84)
at io.cucumber.core.runner.TestStep.run(TestStep.java:56)
at io.cucumber.core.runner.PickleStepTestStep.run(PickleStepTestStep.java:51)
at io.cucumber.core.runner.TestCase.run(TestCase.java:84)
at io.cucumber.core.runner.Runner.runPickle(Runner.java:75)
at io.cucumber.testng.TestNGCucumberRunner.lambda$runScenario$1(TestNGCucumberRunner.java:132)
at io.cucumber.core.runtime.CucumberExecutionContext.lambda$runTestCase$5(CucumberExecutionContext.java:137)
at io.cucumber.core.runtime.RethrowingThrowableCollector.executeAndThrow(RethrowingThrowableCollector.java:23)
at io.cucumber.core.runtime.CucumberExecutionContext.runTestCase(CucumberExecutionContext.java:137)
at io.cucumber.testng.TestNGCucumberRunner.runScenario(TestNGCucumberRunner.java:129)
at io.cucumber.testng.AbstractTestNGCucumberTests.runScenario(AbstractTestNGCucumberTests.java:35)
at java.base/java.util.ArrayList.forEach(ArrayList.java:1596)
... Removed 28 stack frames]]>
    </failure>
  </testcase> <!-- runScenario -->
  <testcase classname="io.cucumber.testng.AbstractTestNGCucumberTests" name="runScenario" time="0.007">
    <failure type="java.lang.IllegalStateException" message="WebDriver is not initialized. Call DriverFactory.initDriver() before getDriver().">
      <![CDATA[java.lang.IllegalStateException: WebDriver is not initialized. Call DriverFactory.initDriver() before getDriver().
at core.DriverFactory.getDriver(DriverFactory.java:54)
at core.BasePage.<init>(BasePage.java:14)
at pages.HomePage.<init>(HomePage.java:15)
at steps.TS03TheatresFiltersSteps.<init>(TS03TheatresFiltersSteps.java:11)
at org.picocontainer.injectors.AbstractInjector.newInstance(AbstractInjector.java:145)
at org.picocontainer.injectors.ConstructorInjector$1.run(ConstructorInjector.java:342)
at org.picocontainer.injectors.AbstractInjector$ThreadLocalCyclicDependencyGuard.observe(AbstractInjector.java:270)
at org.picocontainer.injectors.ConstructorInjector.getComponentInstance(ConstructorInjector.java:364)
at org.picocontainer.injectors.AbstractInjectionFactory$LifecycleAdapter.getComponentInstance(AbstractInjectionFactory.java:56)
at org.picocontainer.behaviors.AbstractBehavior.getComponentInstance(AbstractBehavior.java:64)
at org.picocontainer.behaviors.Stored.getComponentInstance(Stored.java:91)
at org.picocontainer.DefaultPicoContainer.getInstance(DefaultPicoContainer.java:699)
at org.picocontainer.DefaultPicoContainer.getComponent(DefaultPicoContainer.java:647)
at org.picocontainer.DefaultPicoContainer.getComponent(DefaultPicoContainer.java:678)
at io.cucumber.picocontainer.PicoFactory.getInstance(PicoFactory.java:64)
at io.cucumber.java.AbstractGlueDefinition.invokeMethod(AbstractGlueDefinition.java:47)
at io.cucumber.java.JavaStepDefinition.execute(JavaStepDefinition.java:29)
at io.cucumber.core.runner.CoreStepDefinition.execute(CoreStepDefinition.java:66)
at io.cucumber.core.runner.PickleStepDefinitionMatch.runStep(PickleStepDefinitionMatch.java:63)
at io.cucumber.core.runner.ExecutionMode$1.execute(ExecutionMode.java:10)
at io.cucumber.core.runner.TestStep.executeStep(TestStep.java:84)
at io.cucumber.core.runner.TestStep.run(TestStep.java:56)
at io.cucumber.core.runner.PickleStepTestStep.run(PickleStepTestStep.java:51)
at io.cucumber.core.runner.TestCase.run(TestCase.java:84)
at io.cucumber.core.runner.Runner.runPickle(Runner.java:75)
at io.cucumber.testng.TestNGCucumberRunner.lambda$runScenario$1(TestNGCucumberRunner.java:132)
at io.cucumber.core.runtime.CucumberExecutionContext.lambda$runTestCase$5(CucumberExecutionContext.java:137)
at io.cucumber.core.runtime.RethrowingThrowableCollector.executeAndThrow(RethrowingThrowableCollector.java:23)
at io.cucumber.core.runtime.CucumberExecutionContext.runTestCase(CucumberExecutionContext.java:137)
at io.cucumber.testng.TestNGCucumberRunner.runScenario(TestNGCucumberRunner.java:129)
at io.cucumber.testng.AbstractTestNGCucumberTests.runScenario(AbstractTestNGCucumberTests.java:35)
at java.base/java.util.ArrayList.forEach(ArrayList.java:1596)
... Removed 28 stack frames]]>
    </failure>
  </testcase> <!-- runScenario -->
  <testcase classname="io.cucumber.testng.AbstractTestNGCucumberTests" name="runScenario" time="0.005">
    <failure type="java.lang.IllegalStateException" message="WebDriver is not initialized. Call DriverFactory.initDriver() before getDriver().">
      <![CDATA[java.lang.IllegalStateException: WebDriver is not initialized. Call DriverFactory.initDriver() before getDriver().
at core.DriverFactory.getDriver(DriverFactory.java:54)
at core.BasePage.<init>(BasePage.java:14)
at pages.HomePage.<init>(HomePage.java:15)
at steps.TS03TheatresFiltersSteps.<init>(TS03TheatresFiltersSteps.java:11)
at org.picocontainer.injectors.AbstractInjector.newInstance(AbstractInjector.java:145)
at org.picocontainer.injectors.ConstructorInjector$1.run(ConstructorInjector.java:342)
at org.picocontainer.injectors.AbstractInjector$ThreadLocalCyclicDependencyGuard.observe(AbstractInjector.java:270)
at org.picocontainer.injectors.ConstructorInjector.getComponentInstance(ConstructorInjector.java:364)
at org.picocontainer.injectors.AbstractInjectionFactory$LifecycleAdapter.getComponentInstance(AbstractInjectionFactory.java:56)
at org.picocontainer.behaviors.AbstractBehavior.getComponentInstance(AbstractBehavior.java:64)
at org.picocontainer.behaviors.Stored.getComponentInstance(Stored.java:91)
at org.picocontainer.DefaultPicoContainer.getInstance(DefaultPicoContainer.java:699)
at org.picocontainer.DefaultPicoContainer.getComponent(DefaultPicoContainer.java:647)
at org.picocontainer.DefaultPicoContainer.getComponent(DefaultPicoContainer.java:678)
at io.cucumber.picocontainer.PicoFactory.getInstance(PicoFactory.java:64)
at io.cucumber.java.AbstractGlueDefinition.invokeMethod(AbstractGlueDefinition.java:47)
at io.cucumber.java.JavaStepDefinition.execute(JavaStepDefinition.java:29)
at io.cucumber.core.runner.CoreStepDefinition.execute(CoreStepDefinition.java:66)
at io.cucumber.core.runner.PickleStepDefinitionMatch.runStep(PickleStepDefinitionMatch.java:63)
at io.cucumber.core.runner.ExecutionMode$1.execute(ExecutionMode.java:10)
at io.cucumber.core.runner.TestStep.executeStep(TestStep.java:84)
at io.cucumber.core.runner.TestStep.run(TestStep.java:56)
at io.cucumber.core.runner.PickleStepTestStep.run(PickleStepTestStep.java:51)
at io.cucumber.core.runner.TestCase.run(TestCase.java:84)
at io.cucumber.core.runner.Runner.runPickle(Runner.java:75)
at io.cucumber.testng.TestNGCucumberRunner.lambda$runScenario$1(TestNGCucumberRunner.java:132)
at io.cucumber.core.runtime.CucumberExecutionContext.lambda$runTestCase$5(CucumberExecutionContext.java:137)
at io.cucumber.core.runtime.RethrowingThrowableCollector.executeAndThrow(RethrowingThrowableCollector.java:23)
at io.cucumber.core.runtime.CucumberExecutionContext.runTestCase(CucumberExecutionContext.java:137)
at io.cucumber.testng.TestNGCucumberRunner.runScenario(TestNGCucumberRunner.java:129)
at io.cucumber.testng.AbstractTestNGCucumberTests.runScenario(AbstractTestNGCucumberTests.java:35)
at java.base/java.util.ArrayList.forEach(ArrayList.java:1596)
... Removed 28 stack frames]]>
    </failure>
  </testcase> <!-- runScenario -->
  <testcase classname="io.cucumber.testng.AbstractTestNGCucumberTests" name="runScenario" time="0.006">
    <failure type="java.lang.IllegalStateException" message="WebDriver is not initialized. Call DriverFactory.initDriver() before getDriver().">
      <![CDATA[java.lang.IllegalStateException: WebDriver is not initialized. Call DriverFactory.initDriver() before getDriver().
at core.DriverFactory.getDriver(DriverFactory.java:54)
at core.BasePage.<init>(BasePage.java:14)
at pages.HomePage.<init>(HomePage.java:15)
at steps.TS03TheatresFiltersSteps.<init>(TS03TheatresFiltersSteps.java:11)
at org.picocontainer.injectors.AbstractInjector.newInstance(AbstractInjector.java:145)
at org.picocontainer.injectors.ConstructorInjector$1.run(ConstructorInjector.java:342)
at org.picocontainer.injectors.AbstractInjector$ThreadLocalCyclicDependencyGuard.observe(AbstractInjector.java:270)
at org.picocontainer.injectors.ConstructorInjector.getComponentInstance(ConstructorInjector.java:364)
at org.picocontainer.injectors.AbstractInjectionFactory$LifecycleAdapter.getComponentInstance(AbstractInjectionFactory.java:56)
at org.picocontainer.behaviors.AbstractBehavior.getComponentInstance(AbstractBehavior.java:64)
at org.picocontainer.behaviors.Stored.getComponentInstance(Stored.java:91)
at org.picocontainer.DefaultPicoContainer.getInstance(DefaultPicoContainer.java:699)
at org.picocontainer.DefaultPicoContainer.getComponent(DefaultPicoContainer.java:647)
at org.picocontainer.DefaultPicoContainer.getComponent(DefaultPicoContainer.java:678)
at io.cucumber.picocontainer.PicoFactory.getInstance(PicoFactory.java:64)
at io.cucumber.java.AbstractGlueDefinition.invokeMethod(AbstractGlueDefinition.java:47)
at io.cucumber.java.JavaStepDefinition.execute(JavaStepDefinition.java:29)
at io.cucumber.core.runner.CoreStepDefinition.execute(CoreStepDefinition.java:66)
at io.cucumber.core.runner.PickleStepDefinitionMatch.runStep(PickleStepDefinitionMatch.java:63)
at io.cucumber.core.runner.ExecutionMode$1.execute(ExecutionMode.java:10)
at io.cucumber.core.runner.TestStep.executeStep(TestStep.java:84)
at io.cucumber.core.runner.TestStep.run(TestStep.java:56)
at io.cucumber.core.runner.PickleStepTestStep.run(PickleStepTestStep.java:51)
at io.cucumber.core.runner.TestCase.run(TestCase.java:84)
at io.cucumber.core.runner.Runner.runPickle(Runner.java:75)
at io.cucumber.testng.TestNGCucumberRunner.lambda$runScenario$1(TestNGCucumberRunner.java:132)
at io.cucumber.core.runtime.CucumberExecutionContext.lambda$runTestCase$5(CucumberExecutionContext.java:137)
at io.cucumber.core.runtime.RethrowingThrowableCollector.executeAndThrow(RethrowingThrowableCollector.java:23)
at io.cucumber.core.runtime.CucumberExecutionContext.runTestCase(CucumberExecutionContext.java:137)
at io.cucumber.testng.TestNGCucumberRunner.runScenario(TestNGCucumberRunner.java:129)
at io.cucumber.testng.AbstractTestNGCucumberTests.runScenario(AbstractTestNGCucumberTests.java:35)
at java.base/java.util.ArrayList.forEach(ArrayList.java:1596)
... Removed 28 stack frames]]>
    </failure>
  </testcase> <!-- runScenario -->
  <testcase classname="io.cucumber.testng.AbstractTestNGCucumberTests" name="runScenario" time="0.007">
    <failure type="java.lang.IllegalStateException" message="WebDriver is not initialized. Call DriverFactory.initDriver() before getDriver().">
      <![CDATA[java.lang.IllegalStateException: WebDriver is not initialized. Call DriverFactory.initDriver() before getDriver().
at core.DriverFactory.getDriver(DriverFactory.java:54)
at core.BasePage.<init>(BasePage.java:14)
at pages.HomePage.<init>(HomePage.java:15)
at steps.TS03TheatresFiltersSteps.<init>(TS03TheatresFiltersSteps.java:11)
at org.picocontainer.injectors.AbstractInjector.newInstance(AbstractInjector.java:145)
at org.picocontainer.injectors.ConstructorInjector$1.run(ConstructorInjector.java:342)
at org.picocontainer.injectors.AbstractInjector$ThreadLocalCyclicDependencyGuard.observe(AbstractInjector.java:270)
at org.picocontainer.injectors.ConstructorInjector.getComponentInstance(ConstructorInjector.java:364)
at org.picocontainer.injectors.AbstractInjectionFactory$LifecycleAdapter.getComponentInstance(AbstractInjectionFactory.java:56)
at org.picocontainer.behaviors.AbstractBehavior.getComponentInstance(AbstractBehavior.java:64)
at org.picocontainer.behaviors.Stored.getComponentInstance(Stored.java:91)
at org.picocontainer.DefaultPicoContainer.getInstance(DefaultPicoContainer.java:699)
at org.picocontainer.DefaultPicoContainer.getComponent(DefaultPicoContainer.java:647)
at org.picocontainer.DefaultPicoContainer.getComponent(DefaultPicoContainer.java:678)
at io.cucumber.picocontainer.PicoFactory.getInstance(PicoFactory.java:64)
at io.cucumber.java.AbstractGlueDefinition.invokeMethod(AbstractGlueDefinition.java:47)
at io.cucumber.java.JavaStepDefinition.execute(JavaStepDefinition.java:29)
at io.cucumber.core.runner.CoreStepDefinition.execute(CoreStepDefinition.java:66)
at io.cucumber.core.runner.PickleStepDefinitionMatch.runStep(PickleStepDefinitionMatch.java:63)
at io.cucumber.core.runner.ExecutionMode$1.execute(ExecutionMode.java:10)
at io.cucumber.core.runner.TestStep.executeStep(TestStep.java:84)
at io.cucumber.core.runner.TestStep.run(TestStep.java:56)
at io.cucumber.core.runner.PickleStepTestStep.run(PickleStepTestStep.java:51)
at io.cucumber.core.runner.TestCase.run(TestCase.java:84)
at io.cucumber.core.runner.Runner.runPickle(Runner.java:75)
at io.cucumber.testng.TestNGCucumberRunner.lambda$runScenario$1(TestNGCucumberRunner.java:132)
at io.cucumber.core.runtime.CucumberExecutionContext.lambda$runTestCase$5(CucumberExecutionContext.java:137)
at io.cucumber.core.runtime.RethrowingThrowableCollector.executeAndThrow(RethrowingThrowableCollector.java:23)
at io.cucumber.core.runtime.CucumberExecutionContext.runTestCase(CucumberExecutionContext.java:137)
at io.cucumber.testng.TestNGCucumberRunner.runScenario(TestNGCucumberRunner.java:129)
at io.cucumber.testng.AbstractTestNGCucumberTests.runScenario(AbstractTestNGCucumberTests.java:35)
at java.base/java.util.ArrayList.forEach(ArrayList.java:1596)
... Removed 28 stack frames]]>
    </failure>
  </testcase> <!-- runScenario -->
  <testcase classname="io.cucumber.testng.AbstractTestNGCucumberTests" name="runScenario" time="0.005">
    <failure type="java.lang.IllegalStateException" message="WebDriver is not initialized. Call DriverFactory.initDriver() before getDriver().">
      <![CDATA[java.lang.IllegalStateException: WebDriver is not initialized. Call DriverFactory.initDriver() before getDriver().
at core.DriverFactory.getDriver(DriverFactory.java:54)
at core.BasePage.<init>(BasePage.java:14)
at pages.HomePage.<init>(HomePage.java:15)
at steps.TS03TheatresFiltersSteps.<init>(TS03TheatresFiltersSteps.java:11)
at org.picocontainer.injectors.AbstractInjector.newInstance(AbstractInjector.java:145)
at org.picocontainer.injectors.ConstructorInjector$1.run(ConstructorInjector.java:342)
at org.picocontainer.injectors.AbstractInjector$ThreadLocalCyclicDependencyGuard.observe(AbstractInjector.java:270)
at org.picocontainer.injectors.ConstructorInjector.getComponentInstance(ConstructorInjector.java:364)
at org.picocontainer.injectors.AbstractInjectionFactory$LifecycleAdapter.getComponentInstance(AbstractInjectionFactory.java:56)
at org.picocontainer.behaviors.AbstractBehavior.getComponentInstance(AbstractBehavior.java:64)
at org.picocontainer.behaviors.Stored.getComponentInstance(Stored.java:91)
at org.picocontainer.DefaultPicoContainer.getInstance(DefaultPicoContainer.java:699)
at org.picocontainer.DefaultPicoContainer.getComponent(DefaultPicoContainer.java:647)
at org.picocontainer.DefaultPicoContainer.getComponent(DefaultPicoContainer.java:678)
at io.cucumber.picocontainer.PicoFactory.getInstance(PicoFactory.java:64)
at io.cucumber.java.AbstractGlueDefinition.invokeMethod(AbstractGlueDefinition.java:47)
at io.cucumber.java.JavaStepDefinition.execute(JavaStepDefinition.java:29)
at io.cucumber.core.runner.CoreStepDefinition.execute(CoreStepDefinition.java:66)
at io.cucumber.core.runner.PickleStepDefinitionMatch.runStep(PickleStepDefinitionMatch.java:63)
at io.cucumber.core.runner.ExecutionMode$1.execute(ExecutionMode.java:10)
at io.cucumber.core.runner.TestStep.executeStep(TestStep.java:84)
at io.cucumber.core.runner.TestStep.run(TestStep.java:56)
at io.cucumber.core.runner.PickleStepTestStep.run(PickleStepTestStep.java:51)
at io.cucumber.core.runner.TestCase.run(TestCase.java:84)
at io.cucumber.core.runner.Runner.runPickle(Runner.java:75)
at io.cucumber.testng.TestNGCucumberRunner.lambda$runScenario$1(TestNGCucumberRunner.java:132)
at io.cucumber.core.runtime.CucumberExecutionContext.lambda$runTestCase$5(CucumberExecutionContext.java:137)
at io.cucumber.core.runtime.RethrowingThrowableCollector.executeAndThrow(RethrowingThrowableCollector.java:23)
at io.cucumber.core.runtime.CucumberExecutionContext.runTestCase(CucumberExecutionContext.java:137)
at io.cucumber.testng.TestNGCucumberRunner.runScenario(TestNGCucumberRunner.java:129)
at io.cucumber.testng.AbstractTestNGCucumberTests.runScenario(AbstractTestNGCucumberTests.java:35)
at java.base/java.util.ArrayList.forEach(ArrayList.java:1596)
... Removed 28 stack frames]]>
    </failure>
  </testcase> <!-- runScenario -->
  <testcase classname="io.cucumber.testng.AbstractTestNGCucumberTests" name="runScenario" time="0.005">
    <failure type="java.lang.IllegalStateException" message="WebDriver is not initialized. Call DriverFactory.initDriver() before getDriver().">
      <![CDATA[java.lang.IllegalStateException: WebDriver is not initialized. Call DriverFactory.initDriver() before getDriver().
at core.DriverFactory.getDriver(DriverFactory.java:54)
at core.BasePage.<init>(BasePage.java:14)
at pages.HomePage.<init>(HomePage.java:15)
at steps.TS03TheatresFiltersSteps.<init>(TS03TheatresFiltersSteps.java:11)
at org.picocontainer.injectors.AbstractInjector.newInstance(AbstractInjector.java:145)
at org.picocontainer.injectors.ConstructorInjector$1.run(ConstructorInjector.java:342)
at org.picocontainer.injectors.AbstractInjector$ThreadLocalCyclicDependencyGuard.observe(AbstractInjector.java:270)
at org.picocontainer.injectors.ConstructorInjector.getComponentInstance(ConstructorInjector.java:364)
at org.picocontainer.injectors.AbstractInjectionFactory$LifecycleAdapter.getComponentInstance(AbstractInjectionFactory.java:56)
at org.picocontainer.behaviors.AbstractBehavior.getComponentInstance(AbstractBehavior.java:64)
at org.picocontainer.behaviors.Stored.getComponentInstance(Stored.java:91)
at org.picocontainer.DefaultPicoContainer.getInstance(DefaultPicoContainer.java:699)
at org.picocontainer.DefaultPicoContainer.getComponent(DefaultPicoContainer.java:647)
at org.picocontainer.DefaultPicoContainer.getComponent(DefaultPicoContainer.java:678)
at io.cucumber.picocontainer.PicoFactory.getInstance(PicoFactory.java:64)
at io.cucumber.java.AbstractGlueDefinition.invokeMethod(AbstractGlueDefinition.java:47)
at io.cucumber.java.JavaStepDefinition.execute(JavaStepDefinition.java:29)
at io.cucumber.core.runner.CoreStepDefinition.execute(CoreStepDefinition.java:66)
at io.cucumber.core.runner.PickleStepDefinitionMatch.runStep(PickleStepDefinitionMatch.java:63)
at io.cucumber.core.runner.ExecutionMode$1.execute(ExecutionMode.java:10)
at io.cucumber.core.runner.TestStep.executeStep(TestStep.java:84)
at io.cucumber.core.runner.TestStep.run(TestStep.java:56)
at io.cucumber.core.runner.PickleStepTestStep.run(PickleStepTestStep.java:51)
at io.cucumber.core.runner.TestCase.run(TestCase.java:84)
at io.cucumber.core.runner.Runner.runPickle(Runner.java:75)
at io.cucumber.testng.TestNGCucumberRunner.lambda$runScenario$1(TestNGCucumberRunner.java:132)
at io.cucumber.core.runtime.CucumberExecutionContext.lambda$runTestCase$5(CucumberExecutionContext.java:137)
at io.cucumber.core.runtime.RethrowingThrowableCollector.executeAndThrow(RethrowingThrowableCollector.java:23)
at io.cucumber.core.runtime.CucumberExecutionContext.runTestCase(CucumberExecutionContext.java:137)
at io.cucumber.testng.TestNGCucumberRunner.runScenario(TestNGCucumberRunner.java:129)
at io.cucumber.testng.AbstractTestNGCucumberTests.runScenario(AbstractTestNGCucumberTests.java:35)
at java.base/java.util.ArrayList.forEach(ArrayList.java:1596)
... Removed 28 stack frames]]>
    </failure>
  </testcase> <!-- runScenario -->
  <testcase classname="io.cucumber.testng.AbstractTestNGCucumberTests" name="runScenario" time="0.011">
    <failure type="java.lang.IllegalStateException" message="WebDriver is not initialized. Call DriverFactory.initDriver() before getDriver().">
      <![CDATA[java.lang.IllegalStateException: WebDriver is not initialized. Call DriverFactory.initDriver() before getDriver().
at core.DriverFactory.getDriver(DriverFactory.java:54)
at core.BasePage.<init>(BasePage.java:14)
at pages.HomePage.<init>(HomePage.java:15)
at steps.TS04SeatSelectionSteps.openMovieBookingPage(TS04SeatSelectionSteps.java:18)
at ✽.District movie booking page "Chennai" and "Avatar"(file:///C:/Users/2457176/eclipse-workspace/Major_Project/src/test/resources/features/ts04_seat_selection.feature:5)
]]>
    </failure>
  </testcase> <!-- runScenario -->
</testsuite> <!-- All Cucumber Runners -->
