<?xml version="1.0" encoding="UTF-8"?>
<!-- Generated by org.testng.reporters.JUnitReportReporter -->
<testsuite hostname="LTIN675351" failures="1" tests="5" name="runners.AuthenticationRunner" time="98.397" errors="1" timestamp="2026-01-26T11:28:14 IST" skipped="0">
  <testcase classname="runners.AuthenticationRunner" name="runScenario" time="22.038">
    <failure message="Invalid expected result: OTP" type="java.lang.AssertionError">
      <![CDATA[java.lang.AssertionError: Invalid expected result: OTP
at org.testng.Assert.fail(Assert.java:99)
at steps.AuthenticationSteps.validateResult(AuthenticationSteps.java:66)
at ✽.login result should be "OTP"(file:///C:/Users/2457176/eclipse-workspace/Major_Project/src/test/resources/features/authentication.feature:8)
]]>
    </failure>
  </testcase> <!-- runScenario -->
  <system-out/>
  <testcase classname="runners.AuthenticationRunner" name="runScenario" time="33.488">
    <error message="Expected condition failed: waiting for visibility of element located by By.xpath: //*[contains(text(),&#039;valid mobile&#039;)] (tried for 15 second(s) with 500 milliseconds interval)
Build info: version: &#039;4.39.0&#039;, revision: &#039;126f156aee&#039;
System info: os.name: &#039;Windows 11&#039;, os.arch: &#039;amd64&#039;, os.version: &#039;10.0&#039;, java.version: &#039;21.0.8&#039;
Driver info: org.openqa.selenium.chrome.ChromeDriver
Capabilities {acceptInsecureCerts: false, browserName: chrome, browserVersion: 142.0.7444.176, chrome: {chromedriverVersion: 142.0.7444.175 (302067f14a4..., userDataDir: C:\Users\2457176\AppData\Lo...}, fedcm:accounts: true, goog:chromeOptions: {debuggerAddress: localhost:57574}, goog:processID: 22112, networkConnectionEnabled: false, pageLoadStrategy: normal, platformName: windows, proxy: Proxy(), se:cdp: ws://localhost:57574/devtoo..., se:cdpVersion: 142.0.7444.176, setWindowRect: true, strictFileInteractability: false, timeouts: {implicit: 0, pageLoad: 300000, script: 30000}, unhandledPromptBehavior: dismiss and notify, webauthn:extension:credBlob: true, webauthn:extension:largeBlob: true, webauthn:extension:minPinLength: true, webauthn:extension:prf: true, webauthn:virtualAuthenticators: true}
Session ID: fd65a7fc2b3ce48949084783f309cec6" type="org.openqa.selenium.TimeoutException">
      <![CDATA[org.openqa.selenium.TimeoutException: Expected condition failed: waiting for visibility of element located by By.xpath: //*[contains(text(),'valid mobile')] (tried for 15 second(s) with 500 milliseconds interval)
Build info: version: '4.39.0', revision: '126f156aee'
System info: os.name: 'Windows 11', os.arch: 'amd64', os.version: '10.0', java.version: '21.0.8'
Driver info: org.openqa.selenium.chrome.ChromeDriver
Capabilities {acceptInsecureCerts: false, browserName: chrome, browserVersion: 142.0.7444.176, chrome: {chromedriverVersion: 142.0.7444.175 (302067f14a4..., userDataDir: C:\Users\2457176\AppData\Lo...}, fedcm:accounts: true, goog:chromeOptions: {debuggerAddress: localhost:57574}, goog:processID: 22112, networkConnectionEnabled: false, pageLoadStrategy: normal, platformName: windows, proxy: Proxy(), se:cdp: ws://localhost:57574/devtoo..., se:cdpVersion: 142.0.7444.176, setWindowRect: true, strictFileInteractability: false, timeouts: {implicit: 0, pageLoad: 300000, script: 30000}, unhandledPromptBehavior: dismiss and notify, webauthn:extension:credBlob: true, webauthn:extension:largeBlob: true, webauthn:extension:minPinLength: true, webauthn:extension:prf: true, webauthn:virtualAuthenticators: true}
Session ID: fd65a7fc2b3ce48949084783f309cec6
at org.openqa.selenium.support.ui.WebDriverWait.timeoutException(WebDriverWait.java:84)
at org.openqa.selenium.support.ui.FluentWait.until(FluentWait.java:228)
at core.BasePage.isPresent(BasePage.java:43)
at pages.LoginPage.isErrorDisplayed(LoginPage.java:30)
at steps.AuthenticationSteps.validateResult(AuthenticationSteps.java:58)
at ✽.login result should be "ERROR"(file:///C:/Users/2457176/eclipse-workspace/Major_Project/src/test/resources/features/authentication.feature:8)
]]>
    </error>
  </testcase> <!-- runScenario -->
  <system-out/>
  <testcase classname="runners.AuthenticationRunner" name="runScenario" time="14.939"/>
  <system-out/>
  <testcase classname="runners.AuthenticationRunner" name="runScenario" time="14.084"/>
  <system-out/>
  <testcase classname="runners.AuthenticationRunner" name="runScenario" time="13.848"/>
  <system-out/>
</testsuite> <!-- runners.AuthenticationRunner -->
