<?xml version="1.0" encoding="UTF-8"?>
<!-- Generated by org.testng.reporters.JUnitReportReporter -->
<testsuite hostname="LTIN675351" failures="0" tests="5" name="runners.TS_01_Runner" time="84.006" errors="0" timestamp="2026-02-02T14:17:34 IST" skipped="0">
  <testcase classname="runners.TS_01_Runner" name="runScenario" time="35.564"/>
  <system-out/>
  <testcase classname="runners.TS_01_Runner" name="runScenario" time="11.738"/>
  <system-out/>
  <testcase classname="runners.TS_01_Runner" name="runScenario" time="10.854"/>
  <system-out/>
  <testcase classname="runners.TS_01_Runner" name="runScenario" time="11.453"/>
  <system-out/>
  <testcase classname="runners.TS_01_Runner" name="runScenario" time="14.397"/>
  <system-out/>
</testsuite> <!-- runners.TS_01_Runner -->
