<?xml version="1.0" encoding="UTF-8"?>
<!-- Generated by org.testng.reporters.JUnitReportReporter -->
<testsuite hostname="LTIN675351" failures="0" tests="11" name="runners.TS_02_Runner" time="256.781" errors="0" timestamp="2026-02-02T14:54:52 IST" skipped="0">
  <testcase classname="runners.TS_02_Runner" name="runScenario" time="16.461"/>
  <system-out/>
  <testcase classname="runners.TS_02_Runner" name="runScenario" time="19.611"/>
  <system-out/>
  <testcase classname="runners.TS_02_Runner" name="runScenario" time="66.218"/>
  <system-out/>
  <testcase classname="runners.TS_02_Runner" name="runScenario" time="14.355"/>
  <system-out/>
  <testcase classname="runners.TS_02_Runner" name="runScenario" time="16.697"/>
  <system-out/>
  <testcase classname="runners.TS_02_Runner" name="runScenario" time="17.780"/>
  <system-out/>
  <testcase classname="runners.TS_02_Runner" name="runScenario" time="32.540"/>
  <system-out/>
  <testcase classname="runners.TS_02_Runner" name="runScenario" time="16.660"/>
  <system-out/>
  <testcase classname="runners.TS_02_Runner" name="runScenario" time="19.868"/>
  <system-out/>
  <testcase classname="runners.TS_02_Runner" name="runScenario" time="18.027"/>
  <system-out/>
  <testcase classname="runners.TS_02_Runner" name="runScenario" time="18.564"/>
  <system-out/>
</testsuite> <!-- runners.TS_02_Runner -->
