<?xml version="1.0" encoding="UTF-8"?>
<!-- Generated by org.testng.reporters.JUnitReportReporter -->
<testsuite hostname="LTIN675351" failures="0" tests="26" name="runners.Master_Runner" time="1025.873" errors="0" timestamp="2026-02-03T11:04:33 IST" skipped="0">
  <testcase classname="runners.Master_Runner" name="runScenario" time="72.085"/>
  <system-out/>
  <testcase classname="runners.Master_Runner" name="runScenario" time="31.800"/>
  <system-out/>
  <testcase classname="runners.Master_Runner" name="runScenario" time="17.073"/>
  <system-out/>
  <testcase classname="runners.Master_Runner" name="runScenario" time="70.541"/>
  <system-out/>
  <testcase classname="runners.Master_Runner" name="runScenario" time="9.070"/>
  <system-out/>
  <testcase classname="runners.Master_Runner" name="runScenario" time="15.314"/>
  <system-out/>
  <testcase classname="runners.Master_Runner" name="runScenario" time="12.752"/>
  <system-out/>
  <testcase classname="runners.Master_Runner" name="runScenario" time="69.663"/>
  <system-out/>
  <testcase classname="runners.Master_Runner" name="runScenario" time="70.497"/>
  <system-out/>
  <testcase classname="runners.Master_Runner" name="runScenario" time="16.953"/>
  <system-out/>
  <testcase classname="runners.Master_Runner" name="runScenario" time="9.076"/>
  <system-out/>
  <testcase classname="runners.Master_Runner" name="runScenario" time="71.251"/>
  <system-out/>
  <testcase classname="runners.Master_Runner" name="runScenario" time="15.379"/>
  <system-out/>
  <testcase classname="runners.Master_Runner" name="runScenario" time="70.050"/>
  <system-out/>
  <testcase classname="runners.Master_Runner" name="runScenario" time="16.262"/>
  <system-out/>
  <testcase classname="runners.Master_Runner" name="runScenario" time="91.779"/>
  <system-out/>
  <testcase classname="runners.Master_Runner" name="runScenario" time="8.613"/>
  <system-out/>
  <testcase classname="runners.Master_Runner" name="runScenario" time="51.993"/>
  <system-out/>
  <testcase classname="runners.Master_Runner" name="runScenario" time="17.503"/>
  <system-out/>
  <testcase classname="runners.Master_Runner" name="runScenario" time="20.079"/>
  <system-out/>
  <testcase classname="runners.Master_Runner" name="runScenario" time="71.244"/>
  <system-out/>
  <testcase classname="runners.Master_Runner" name="runScenario" time="9.996"/>
  <system-out/>
  <testcase classname="runners.Master_Runner" name="runScenario" time="9.582"/>
  <system-out/>
  <testcase classname="runners.Master_Runner" name="runScenario" time="90.546"/>
  <system-out/>
  <testcase classname="runners.Master_Runner" name="runScenario" time="71.550"/>
  <system-out/>
  <testcase classname="runners.Master_Runner" name="runScenario" time="15.222"/>
  <system-out/>
</testsuite> <!-- runners.Master_Runner -->
