<?xml version="1.0" encoding="UTF-8"?>
<!-- Generated by org.testng.reporters.JUnitReportReporter -->
<testsuite hostname="LTIN675351" failures="1" tests="11" name="runners.ts02_Runner" time="186.342" errors="1" timestamp="2026-01-28T09:51:56 IST" skipped="0">
  <testcase classname="runners.ts02_Runner" name="runScenario" time="15.298"/>
  <system-out/>
  <testcase classname="runners.ts02_Runner" name="runScenario" time="18.128"/>
  <system-out/>
  <testcase classname="runners.ts02_Runner" name="runScenario" time="16.787"/>
  <system-out/>
  <testcase classname="runners.ts02_Runner" name="runScenario" time="14.950"/>
  <system-out/>
  <testcase classname="runners.ts02_Runner" name="runScenario" time="14.221"/>
  <system-out/>
  <testcase classname="runners.ts02_Runner" name="runScenario" time="14.102"/>
  <system-out/>
  <testcase classname="runners.ts02_Runner" name="runScenario" time="15.162"/>
  <system-out/>
  <testcase classname="runners.ts02_Runner" name="runScenario" time="14.946">
    <error message="Unknown city method: searchError" type="java.lang.IllegalArgumentException">
      <![CDATA[java.lang.IllegalArgumentException: Unknown city method: searchError
at steps.TS02CitySearchSteps.iPerformCitySelection(TS02CitySearchSteps.java:43)
at ✽.I perform city selection using "searchError" and "kplou"(file:///C:/Users/2457176/eclipse-workspace/Major_Project/src/test/resources/features/ts02_city_search.feature:19)
]]>
    </error>
  </testcase> <!-- runScenario -->
  <system-out/>
  <testcase classname="runners.ts02_Runner" name="runScenario" time="31.261"/>
  <system-out/>
  <testcase classname="runners.ts02_Runner" name="runScenario" time="14.405"/>
  <system-out/>
  <testcase classname="runners.ts02_Runner" name="runScenario" time="17.082">
    <failure message="City mismatch. Expected: Chennai | Actual: Sri Sowdeswari Nagar, Thoraipakkam expected [true] but found [false]" type="java.lang.AssertionError">
      <![CDATA[java.lang.AssertionError: City mismatch. Expected: Chennai | Actual: Sri Sowdeswari Nagar, Thoraipakkam expected [true] but found [false]
at org.testng.Assert.fail(Assert.java:99)
at org.testng.Assert.failNotEquals(Assert.java:1037)
at org.testng.Assert.assertTrue(Assert.java:45)
at steps.TS02CitySearchSteps.iValidateCity(TS02CitySearchSteps.java:60)
at ✽.the home page city should be "currentLocation" and "Chennai"(file:///C:/Users/2457176/eclipse-workspace/Major_Project/src/test/resources/features/ts02_city_search.feature:20)
]]>
    </failure>
  </testcase> <!-- runScenario -->
  <system-out/>
</testsuite> <!-- runners.ts02_Runner -->
